Copied 3 from usb
Copied 3 files from usb
Copied 3 files from usb
Sat May 25 19:39:39 UTC 2013: Copied 3 files from usb
Sat May 25 19:39:51 UTC 2013: Copied 3 files from usb
Sat May 25 19:42:44 UTC 2013: Copied 3 files from usb
Sat May 25 19:42:56 UTC 2013: Copied 3 files from usb
Sat May 25 19:43:31 UTC 2013: Copied 3 files from usb
Sat May 25 19:43:49 UTC 2013: Copied 3 files from usb
Sat May 25 19:43:49 UTC 2013: Files found, removing old slides
Sat May 25 19:44:09 UTC 2013: Copied 3 files from usb
Sat May 25 19:44:09 UTC 2013: Files found, removing old slides
Sat May 25 19:45:16 UTC 2013: Copied 3 files from usb
Sat May 25 19:45:17 UTC 2013: Files found, removing old slides
Sat May 25 19:45:54 UTC 2013: Copied 3 files from usb
Sat May 25 19:45:54 UTC 2013: Files found, removing old slides
Sat May 25 19:47:25 UTC 2013: Copied 3 files from usb
Sat May 25 19:47:25 UTC 2013: No files found, aborting
Sat May 25 19:47:42 UTC 2013: Copied 3 files from usb
Sat May 25 19:47:42 UTC 2013: Files found, removing old slides
Sat May 25 19:48:06 UTC 2013: Copied 3 files from usb
Sat May 25 19:48:06 UTC 2013: Files found, removing old slides
Sat May 25 19:48:41 UTC 2013: Copied 3 files from usb
Sat May 25 19:48:41 UTC 2013: Files found, removing old slides
Sat May 25 19:49:30 UTC 2013: Copied 2 files from usb
Sat May 25 19:49:30 UTC 2013: Files found, removing old slides
Sat May 25 19:51:04 UTC 2013: Copied 2 files from usb
Sat May 25 19:51:04 UTC 2013: Files found, removing old slides
Sat May 25 19:51:04 UTC 2013: finished copying
Sat May 25 19:51:44 UTC 2013: Copied 2 files from usb
Sat May 25 19:51:44 UTC 2013: No files found, aborting
Sat May 25 19:57:30 UTC 2013: Removing temporary directory if it exists
Sat May 25 19:57:30 UTC 2013: Copying slides from usb stick
Sat May 25 19:57:30 UTC 2013: Copied 2 files from usb
Sat May 25 19:57:30 UTC 2013: Removing old slides
Sat May 25 19:57:44 UTC 2013: Removing temporary directory if it exists
Sat May 25 19:57:44 UTC 2013: Copying slides from usb stick
Sat May 25 19:57:44 UTC 2013: Copied 2 files from usb
Sat May 25 19:57:44 UTC 2013: Removing old slides
Sat May 25 19:57:44 UTC 2013: New slides moved to production, generating new file list
Sat May 25 19:57:44 UTC 2013: Finished copying
Sat May 25 19:59:38 UTC 2013: Removing temporary directory if it exists
Sat May 25 19:59:38 UTC 2013: Copying slides from usb stick
Sat May 25 19:59:38 UTC 2013: Copied 2 files from usb
Sat May 25 19:59:38 UTC 2013: Removing old slides
Sat May 25 19:59:38 UTC 2013: New slides moved to production, generating new file list
Sat May 25 19:59:38 UTC 2013: Finished copying
Sat May 25 20:01:14 UTC 2013: Removing temporary directory if it exists
Sat May 25 20:01:14 UTC 2013: Copying slides from usb stick
Sat May 25 20:01:14 UTC 2013: Copied 2 files from usb
Sat May 25 20:01:14 UTC 2013: Removing old slides
Sat May 25 20:01:14 UTC 2013: New slides moved to production, generating new file list
Sat May 25 20:04:40 UTC 2013: Removing temporary directory if it exists
Sat May 25 20:04:40 UTC 2013: Copying slides from usb stick
Sat May 25 20:04:40 UTC 2013: Copied 2 files from usb
Sat May 25 20:04:40 UTC 2013: Removing old slides
Sat May 25 20:04:40 UTC 2013: New slides moved to production, generating new file list
Sat May 25 20:05:39 UTC 2013: Removing temporary directory if it exists
Sat May 25 20:05:39 UTC 2013: Copying slides from usb stick
Sat May 25 20:05:39 UTC 2013: Copied 2 files from usb
Sat May 25 20:05:39 UTC 2013: Removing old slides
Sat May 25 20:05:39 UTC 2013: New slides moved to production, generating new file list
Sat May 25 20:05:49 UTC 2013: Removing temporary directory if it exists
Sat May 25 20:05:49 UTC 2013: Copying slides from usb stick
Sat May 25 20:05:49 UTC 2013: Copied 2 files from usb
Sat May 25 20:05:49 UTC 2013: Removing old slides
Sat May 25 20:05:49 UTC 2013: New slides moved to production, generating new file list
Sat May 25 20:06:29 UTC 2013: Removing temporary directory if it exists
Sat May 25 20:06:30 UTC 2013: Copying slides from usb stick
Sat May 25 20:06:30 UTC 2013: Copied 2 files from usb
Sat May 25 20:06:30 UTC 2013: Removing old slides
Sat May 25 20:06:30 UTC 2013: New slides moved to production, generating new file list
Sat May 25 20:06:41 UTC 2013: Removing temporary directory if it exists
Sat May 25 20:06:41 UTC 2013: Copying slides from usb stick
Sat May 25 20:06:41 UTC 2013: Copied 2 files from usb
Sat May 25 20:06:41 UTC 2013: Removing old slides
Sat May 25 20:06:41 UTC 2013: New slides moved to production, generating new file list
Sat May 25 20:07:03 UTC 2013: Removing temporary directory if it exists
Sat May 25 20:07:03 UTC 2013: Copying slides from usb stick
Sat May 25 20:07:04 UTC 2013: Copied 2 files from usb
Sat May 25 20:07:04 UTC 2013: Removing old slides
Sat May 25 20:07:04 UTC 2013: New slides moved to production, generating new file list
Sat May 25 20:07:15 UTC 2013: Removing temporary directory if it exists
Sat May 25 20:07:16 UTC 2013: Copying slides from usb stick
Sat May 25 20:07:16 UTC 2013: Copied 2 files from usb
Sat May 25 20:07:16 UTC 2013: Removing old slides
Sat May 25 20:07:16 UTC 2013: New slides moved to production, generating new file list
Sat May 25 20:07:28 UTC 2013: Removing temporary directory if it exists
Sat May 25 20:07:28 UTC 2013: Copying slides from usb stick
Sat May 25 20:07:28 UTC 2013: Copied 2 files from usb
Sat May 25 20:07:28 UTC 2013: Removing old slides
Sat May 25 20:07:28 UTC 2013: New slides moved to production, generating new file list
Sat May 25 20:07:38 UTC 2013: Removing temporary directory if it exists
Sat May 25 20:07:38 UTC 2013: Copying slides from usb stick
Sat May 25 20:07:38 UTC 2013: Copied 2 files from usb
Sat May 25 20:07:38 UTC 2013: Removing old slides
Sat May 25 20:07:38 UTC 2013: New slides moved to production, generating new file list
Sat May 25 20:09:39 UTC 2013: Removing temporary directory if it exists
Sat May 25 20:09:39 UTC 2013: Copying slides from usb stick
Sat May 25 20:09:39 UTC 2013: Copied 2 files from usb
Sat May 25 20:09:39 UTC 2013: Removing old slides
Sat May 25 20:09:39 UTC 2013: New slides moved to production, generating new file list
Sat May 25 20:09:53 UTC 2013: Removing temporary directory if it exists
Sat May 25 20:09:53 UTC 2013: Copying slides from usb stick
Sat May 25 20:09:53 UTC 2013: Copied 2 files from usb
Sat May 25 20:09:53 UTC 2013: Removing old slides
Sat May 25 20:09:53 UTC 2013: New slides moved to production, generating new file list
Sat May 25 20:10:30 UTC 2013: Removing temporary directory if it exists
Sat May 25 20:10:30 UTC 2013: Copying slides from usb stick
Sat May 25 20:10:30 UTC 2013: Copied 2 files from usb
Sat May 25 20:10:30 UTC 2013: Removing old slides
Sat May 25 20:10:30 UTC 2013: New slides moved to production, generating new file list
Sat May 25 20:15:59 UTC 2013: Removing temporary directory if it exists
Sat May 25 20:15:59 UTC 2013: Copying slides from usb stick
Sat May 25 20:15:59 UTC 2013: Copied 2 files from usb
Sat May 25 20:15:59 UTC 2013: Removing old slides
Sat May 25 20:15:59 UTC 2013: New slides moved to production, generating new file list
Sat May 25 20:16:38 UTC 2013: Removing temporary directory if it exists
Sat May 25 20:16:38 UTC 2013: Copying slides from usb stick
Sat May 25 20:16:38 UTC 2013: Copied 2 files from usb
Sat May 25 20:16:38 UTC 2013: Removing old slides
Sat May 25 20:16:38 UTC 2013: New slides moved to production, generating new file list
Sat May 25 20:29:26 UTC 2013: Removing temporary directory if it exists
Sat May 25 20:29:26 UTC 2013: Copying slides from usb stick
Sat May 25 20:29:26 UTC 2013: Copied 2 files from usb
Sat May 25 20:29:26 UTC 2013: Removing old slides
Sat May 25 20:29:26 UTC 2013: New slides moved to production, generating new file list
Sat May 25 20:29:43 UTC 2013: Removing temporary directory if it exists
Sat May 25 20:29:43 UTC 2013: Copying slides from usb stick
Sat May 25 20:29:43 UTC 2013: Copied 2 files from usb
Sat May 25 20:29:43 UTC 2013: Removing old slides
Sat May 25 20:29:43 UTC 2013: New slides moved to production, generating new file list
Sat May 25 20:30:01 UTC 2013: Removing temporary directory if it exists
Sat May 25 20:30:01 UTC 2013: Copying slides from usb stick
Sat May 25 20:30:01 UTC 2013: Copied 2 files from usb
Sat May 25 20:30:01 UTC 2013: Removing old slides
Sat May 25 20:30:01 UTC 2013: New slides moved to production, generating new file list
Sat May 25 20:30:33 UTC 2013: Removing temporary directory if it exists
Sat May 25 20:30:33 UTC 2013: Copying slides from usb stick
Sat May 25 20:30:33 UTC 2013: Copied 2 files from usb
Sat May 25 20:30:33 UTC 2013: Removing old slides
Sat May 25 20:30:33 UTC 2013: New slides moved to production, generating new file list
Sat May 25 20:31:12 UTC 2013: Removing temporary directory if it exists
Sat May 25 20:31:12 UTC 2013: Copying slides from usb stick
Sat May 25 20:31:12 UTC 2013: Copied 2 files from usb
Sat May 25 20:31:12 UTC 2013: Removing old slides
Sat May 25 20:31:12 UTC 2013: New slides moved to production, generating new file list
Sat May 25 20:40:27 UTC 2013: Removing temporary directory if it exists
Sat May 25 20:40:27 UTC 2013: Copying slides from usb stick
Sat May 25 20:40:28 UTC 2013: Copied 2 files from usb
Sat May 25 20:40:28 UTC 2013: Removing old slides
Sat May 25 20:40:28 UTC 2013: New slides moved to production, generating new file list
Sat May 25 20:41:32 UTC 2013: Removing temporary directory if it exists
Sat May 25 20:41:32 UTC 2013: Copying slides from usb stick
Sat May 25 20:41:32 UTC 2013: Copied 2 files from usb
Sat May 25 20:41:32 UTC 2013: Removing old slides
Sat May 25 20:41:32 UTC 2013: New slides moved to production, generating new file list
Sat May 25 20:43:41 UTC 2013: Removing temporary directory if it exists
Sat May 25 20:43:41 UTC 2013: Copying slides from usb stick
Sat May 25 20:43:41 UTC 2013: Copied 2 files from usb
Sat May 25 20:43:41 UTC 2013: Removing old slides
Sat May 25 20:43:41 UTC 2013: New slides moved to production, generating new file list
Sat May 25 20:43:47 UTC 2013: Removing temporary directory if it exists
Sat May 25 20:43:47 UTC 2013: Copying slides from usb stick
Sat May 25 20:43:47 UTC 2013: Copied 2 files from usb
Sat May 25 20:43:47 UTC 2013: Removing old slides
Sat May 25 20:43:47 UTC 2013: New slides moved to production, generating new file list
Sat May 25 20:44:15 UTC 2013: Removing temporary directory if it exists
Sat May 25 20:44:15 UTC 2013: Copying slides from usb stick
Sat May 25 20:44:15 UTC 2013: Copied 2 files from usb
Sat May 25 20:44:16 UTC 2013: Removing old slides
Sat May 25 20:44:16 UTC 2013: New slides moved to production, generating new file list
Sat May 25 20:47:23 UTC 2013: Setting initial status
Sat May 25 20:47:23 UTC 2013: Removing temporary directory if it exists
Sat May 25 20:47:23 UTC 2013: Copying slides from usb stick
Sat May 25 20:47:23 UTC 2013: Copied 2 files from usb
Sat May 25 20:47:23 UTC 2013: Removing old slides
Sat May 25 20:47:23 UTC 2013: New slides moved to production, generating new file list
Sat May 25 20:47:23 UTC 2013: Writing file list to js
Sat May 25 20:47:23 UTC 2013: Updating status
Sat May 25 20:52:37 UTC 2013: Setting initial status
Sat May 25 20:52:37 UTC 2013: Removing temporary directory if it exists
Sat May 25 20:52:37 UTC 2013: Copying slides from usb stick
Sat May 25 20:52:37 UTC 2013: Copied 2 files from usb
Sat May 25 20:52:37 UTC 2013: Removing old slides
Sat May 25 20:52:37 UTC 2013: New slides moved to production, generating new file list
Sat May 25 20:52:37 UTC 2013: Writing file list to js
Sat May 25 20:52:37 UTC 2013: Updating status to loaded
Sat May 25 20:52:37 UTC 2013: Sleeping for 20 seconds
Sat May 25 20:53:10 UTC 2013: Setting initial status
Sat May 25 20:53:10 UTC 2013: Removing temporary directory if it exists
Sat May 25 20:53:10 UTC 2013: Copying slides from usb stick
Sat May 25 20:53:10 UTC 2013: Copied 2 files from usb
Sat May 25 20:53:10 UTC 2013: Removing old slides
Sat May 25 20:53:10 UTC 2013: New slides moved to production, generating new file list
Sat May 25 20:53:10 UTC 2013: Writing file list to js
Sat May 25 20:53:10 UTC 2013: Updating status to loaded
Sat May 25 20:53:10 UTC 2013: Sleeping for 20 seconds
Sat May 25 20:53:30 UTC 2013: Resetting status to normal
Sat May 25 21:02:24 UTC 2013: Setting initial status
Sat May 25 21:02:24 UTC 2013: Removing temporary directory if it exists
Sat May 25 21:02:24 UTC 2013: Copying slides from usb stick
Sat May 25 21:02:24 UTC 2013: Copied 2 files from usb
Sat May 25 21:02:24 UTC 2013: Removing old slides
Sat May 25 21:02:24 UTC 2013: New slides moved to production, generating new file list
Sat May 25 21:02:24 UTC 2013: Writing file list to js
Sat May 25 21:02:24 UTC 2013: Updating status to loaded
Sat May 25 21:02:24 UTC 2013: Sleeping for 20 seconds
Sat May 25 21:02:44 UTC 2013: Resetting status to normal
Sat May 25 21:10:24 UTC 2013: Setting initial status
Sat May 25 21:10:24 UTC 2013: Removing temporary directory if it exists
Sat May 25 21:10:24 UTC 2013: Copying slides from usb stick
Sat May 25 21:10:24 UTC 2013: Copied 2 files from usb
Sat May 25 21:10:24 UTC 2013: Removing old slides
Sat May 25 21:10:24 UTC 2013: New slides moved to production, generating new file list
Sat May 25 21:10:24 UTC 2013: Writing file list to js
Sat May 25 21:10:25 UTC 2013: Updating status to loaded
Sat May 25 21:10:25 UTC 2013: Sleeping for 20 seconds
Sat May 25 21:10:45 UTC 2013: Resetting status to normal
Sun May 26 14:51:43 UTC 2013: Setting initial status
Sun May 26 14:51:43 UTC 2013: Removing temporary directory if it exists
Sun May 26 14:51:43 UTC 2013: Copying slides from usb stick
Sun May 26 14:51:43 UTC 2013: Copied 2 files from usb
Sun May 26 14:51:43 UTC 2013: Removing old slides
Sun May 26 14:51:43 UTC 2013: New slides moved to production, generating new file list
Sun May 26 14:51:43 UTC 2013: Writing file list to js
Sun May 26 14:51:43 UTC 2013: Updating status to loaded
Sun May 26 14:51:43 UTC 2013: Sleeping for 20 seconds
Sun May 26 14:52:03 UTC 2013: Resetting status to normal
Sun May 26 17:02:12 UTC 2013: Setting initial status
Sun May 26 17:02:12 UTC 2013: Removing temporary directory if it exists
Sun May 26 17:02:12 UTC 2013: Copying slides from usb stick
Sun May 26 17:02:12 UTC 2013: Copied 2 files from usb
Sun May 26 17:02:12 UTC 2013: Removing old slides
Sun May 26 17:02:12 UTC 2013: New slides moved to production, generating new file list
Sun May 26 17:02:12 UTC 2013: Writing file list to js
Sun May 26 17:02:12 UTC 2013: Updating status to loaded
Sun May 26 17:02:12 UTC 2013: Sleeping for 20 seconds
Sun May 26 17:02:32 UTC 2013: Resetting status to normal
Sun May 26 17:03:17 UTC 2013: Setting initial status
Sun May 26 17:03:17 UTC 2013: Removing temporary directory if it exists
Sun May 26 17:03:17 UTC 2013: Copying slides from usb stick
Sun May 26 17:03:17 UTC 2013: Copied 2 files from usb
Sun May 26 17:03:17 UTC 2013: Removing old slides
Sun May 26 17:03:17 UTC 2013: New slides moved to production, generating new file list
Sun May 26 17:03:17 UTC 2013: Writing file list to js
Sun May 26 17:03:17 UTC 2013: Updating status to loaded
Sun May 26 17:03:17 UTC 2013: Sleeping for 20 seconds
Sun May 26 17:03:37 UTC 2013: Resetting status to normal
Sun May 26 17:03:54 UTC 2013: Setting initial status
Sun May 26 17:03:54 UTC 2013: Removing temporary directory if it exists
Sun May 26 17:03:54 UTC 2013: Copying slides from usb stick
Sun May 26 17:03:54 UTC 2013: Copied 2 files from usb
Sun May 26 17:03:54 UTC 2013: Removing old slides
Sun May 26 17:03:54 UTC 2013: New slides moved to production, generating new file list
Sun May 26 17:03:55 UTC 2013: Writing file list to js
Sun May 26 17:03:55 UTC 2013: Updating status to loaded
Sun May 26 17:03:55 UTC 2013: Sleeping for 20 seconds
Sun May 26 17:04:15 UTC 2013: Resetting status to normal
Sun May 26 17:05:48 UTC 2013: Setting initial status
Sun May 26 17:05:48 UTC 2013: Removing temporary directory if it exists
Sun May 26 17:05:48 UTC 2013: Copying slides from usb stick
Sun May 26 17:05:48 UTC 2013: Copied 2 files from usb
Sun May 26 17:05:48 UTC 2013: Removing old slides
Sun May 26 17:05:48 UTC 2013: New slides moved to production, generating new file list
Sun May 26 17:05:48 UTC 2013: Writing file list to js
Sun May 26 17:05:48 UTC 2013: Updating status to loaded
Sun May 26 17:05:48 UTC 2013: Sleeping for 20 seconds
Sun May 26 17:06:08 UTC 2013: Resetting status to normal
Sun May 26 17:06:09 UTC 2013: Setting initial status
Sun May 26 17:06:09 UTC 2013: Removing temporary directory if it exists
Sun May 26 17:06:09 UTC 2013: Copying slides from usb stick
Sun May 26 17:06:09 UTC 2013: Copied 2 files from usb
Sun May 26 17:06:10 UTC 2013: Removing old slides
Sun May 26 17:06:10 UTC 2013: New slides moved to production, generating new file list
Sun May 26 17:06:10 UTC 2013: Writing file list to js
Sun May 26 17:06:10 UTC 2013: Updating status to loaded
Sun May 26 17:06:10 UTC 2013: Sleeping for 20 seconds
Sun May 26 17:06:30 UTC 2013: Resetting status to normal
Sun May 26 17:14:20 UTC 2013: Setting initial status
Sun May 26 17:14:20 UTC 2013: Removing temporary directory if it exists
Sun May 26 17:14:20 UTC 2013: Copying slides from usb stick
Sun May 26 17:14:20 UTC 2013: Copied 2 files from usb
Sun May 26 17:14:20 UTC 2013: Removing old slides
Sun May 26 17:14:20 UTC 2013: New slides moved to production, generating new file list
Sun May 26 17:14:20 UTC 2013: Writing file list to js
Sun May 26 17:14:20 UTC 2013: Updating status to loaded
Sun May 26 17:14:20 UTC 2013: Sleeping for 20 seconds
Sun May 26 17:14:40 UTC 2013: Resetting status to normal
Sun May 26 17:16:57 UTC 2013: Setting initial status
Sun May 26 17:16:57 UTC 2013: Removing temporary directory if it exists
Sun May 26 17:16:57 UTC 2013: Copying slides from usb stick
Sun May 26 17:16:57 UTC 2013: Copied 2 files from usb
Sun May 26 17:16:57 UTC 2013: Removing old slides
Sun May 26 17:16:57 UTC 2013: New slides moved to production, generating new file list
Sun May 26 17:16:57 UTC 2013: Writing file list to js
Sun May 26 17:16:57 UTC 2013: Updating status to loaded
Sun May 26 17:16:57 UTC 2013: Sleeping for 20 seconds
Sun May 26 17:17:17 UTC 2013: Resetting status to normal
Sun May 26 17:19:28 UTC 2013: Setting initial status
Sun May 26 17:19:28 UTC 2013: Removing temporary directory if it exists
Sun May 26 17:19:28 UTC 2013: Copying slides from usb stick
Sun May 26 17:19:28 UTC 2013: Copied 2 files from usb
Sun May 26 17:19:28 UTC 2013: Removing old slides
Sun May 26 17:19:28 UTC 2013: New slides moved to production, generating new file list
Sun May 26 17:19:28 UTC 2013: Writing file list to js
Sun May 26 17:19:28 UTC 2013: Updating status to loaded
Sun May 26 17:19:28 UTC 2013: Sleeping for 20 seconds
Sun May 26 17:19:48 UTC 2013: Resetting status to normal
Sun May 26 17:26:13 UTC 2013: Setting initial status
Sun May 26 17:26:13 UTC 2013: Removing temporary directory if it exists
Sun May 26 17:26:13 UTC 2013: Copying slides from usb stick
Sun May 26 17:26:13 UTC 2013: Copied 2 files from usb
Sun May 26 17:26:13 UTC 2013: Removing old slides
Sun May 26 17:26:13 UTC 2013: New slides moved to production, generating new file list
Sun May 26 17:26:13 UTC 2013: Writing file list to js
Sun May 26 17:26:13 UTC 2013: Updating status to loaded
Sun May 26 17:26:13 UTC 2013: Sleeping for 20 seconds
Sun May 26 17:26:33 UTC 2013: Resetting status to normal
Sun May 26 17:26:51 UTC 2013: Setting initial status
Sun May 26 17:26:51 UTC 2013: Removing temporary directory if it exists
Sun May 26 17:26:51 UTC 2013: Copying slides from usb stick
Sun May 26 17:26:51 UTC 2013: Copied 2 files from usb
Sun May 26 17:26:51 UTC 2013: Removing old slides
Sun May 26 17:26:51 UTC 2013: New slides moved to production, generating new file list
Sun May 26 17:26:51 UTC 2013: Writing file list to js
Sun May 26 17:26:51 UTC 2013: Updating status to loaded
Sun May 26 17:26:51 UTC 2013: Sleeping for 20 seconds
Sun May 26 17:27:11 UTC 2013: Resetting status to normal
Sun May 26 17:31:51 UTC 2013: Setting initial status
Sun May 26 17:31:51 UTC 2013: Removing temporary directory if it exists
Sun May 26 17:31:51 UTC 2013: Copying slides from usb stick
Sun May 26 17:31:51 UTC 2013: Copied 2 files from usb
Sun May 26 17:31:51 UTC 2013: Removing old slides
Sun May 26 17:31:51 UTC 2013: New slides moved to production, generating new file list
Sun May 26 17:31:51 UTC 2013: Writing file list to js
Sun May 26 17:31:51 UTC 2013: Updating status to loaded
Sun May 26 17:31:51 UTC 2013: Sleeping for 20 seconds
Sun May 26 17:32:11 UTC 2013: Resetting status to normal
Sun May 26 17:32:12 UTC 2013: Setting initial status
Sun May 26 17:32:12 UTC 2013: Removing temporary directory if it exists
Sun May 26 17:32:12 UTC 2013: Copying slides from usb stick
Sun May 26 17:32:13 UTC 2013: Copied 2 files from usb
Sun May 26 17:32:13 UTC 2013: Removing old slides
Sun May 26 17:32:13 UTC 2013: New slides moved to production, generating new file list
Sun May 26 17:32:13 UTC 2013: Writing file list to js
Sun May 26 17:32:13 UTC 2013: Updating status to loaded
Sun May 26 17:32:13 UTC 2013: Sleeping for 20 seconds
Sun May 26 17:32:33 UTC 2013: Resetting status to normal
Sun May 26 17:33:52 UTC 2013: Setting initial status
Sun May 26 17:33:52 UTC 2013: Removing temporary directory if it exists
Sun May 26 17:33:52 UTC 2013: Copying slides from usb stick
Sun May 26 17:33:52 UTC 2013: Copied 2 files from usb
Sun May 26 17:33:52 UTC 2013: Removing old slides
Sun May 26 17:33:52 UTC 2013: New slides moved to production, generating new file list
Sun May 26 17:33:52 UTC 2013: Writing file list to js
Sun May 26 17:33:52 UTC 2013: Updating status to loaded
Sun May 26 17:33:52 UTC 2013: Sleeping for 20 seconds
Sun May 26 17:34:12 UTC 2013: Resetting status to normal
Sun May 26 17:54:24 UTC 2013: Setting initial status
Sun May 26 17:54:24 UTC 2013: Removing temporary directory if it exists
Sun May 26 17:54:24 UTC 2013: Copying slides from usb stick
Sun May 26 17:54:25 UTC 2013: Copied 6 files from usb
Sun May 26 17:54:25 UTC 2013: Removing old slides
Sun May 26 17:54:25 UTC 2013: New slides moved to production, generating new file list
Sun May 26 17:54:25 UTC 2013: Writing file list to js
Sun May 26 17:54:25 UTC 2013: Updating status to loaded
Sun May 26 17:54:25 UTC 2013: Sleeping for 20 seconds
Sun May 26 17:54:45 UTC 2013: Resetting status to normal
Sun May 26 17:55:02 UTC 2013: Setting initial status
Sun May 26 17:55:02 UTC 2013: Removing temporary directory if it exists
Sun May 26 17:55:02 UTC 2013: Copying slides from usb stick
Sun May 26 17:55:02 UTC 2013: Copied 4 files from usb
Sun May 26 17:55:02 UTC 2013: Removing old slides
Sun May 26 17:55:02 UTC 2013: New slides moved to production, generating new file list
Sun May 26 17:55:02 UTC 2013: Writing file list to js
Sun May 26 17:55:02 UTC 2013: Updating status to loaded
Sun May 26 17:55:02 UTC 2013: Sleeping for 20 seconds
Sun May 26 17:55:22 UTC 2013: Resetting status to normal
Sun May 26 17:55:23 UTC 2013: Setting initial status
Sun May 26 17:55:24 UTC 2013: Removing temporary directory if it exists
Sun May 26 17:55:24 UTC 2013: Copying slides from usb stick
Sun May 26 17:55:24 UTC 2013: Copied 4 files from usb
Sun May 26 17:55:24 UTC 2013: Removing old slides
Sun May 26 17:55:24 UTC 2013: New slides moved to production, generating new file list
Sun May 26 17:55:24 UTC 2013: Writing file list to js
Sun May 26 17:55:24 UTC 2013: Updating status to loaded
Sun May 26 17:55:24 UTC 2013: Sleeping for 20 seconds
Sun May 26 17:55:44 UTC 2013: Resetting status to normal
Sun May 26 18:18:52 UTC 2013: Setting initial status
Sun May 26 18:18:52 UTC 2013: Removing temporary directory if it exists
Sun May 26 18:18:52 UTC 2013: Copying slides from usb stick
Sun May 26 18:18:52 UTC 2013: Copied 4 files from usb
Sun May 26 18:18:52 UTC 2013: Removing old slides
Sun May 26 18:18:52 UTC 2013: New slides moved to production, generating new file list
Sun May 26 18:18:52 UTC 2013: Writing file list to js
Sun May 26 18:18:52 UTC 2013: Updating status to loaded
Sun May 26 18:18:52 UTC 2013: Sleeping for 20 seconds
Sun May 26 18:19:12 UTC 2013: Resetting status to normal
Sun May 26 18:19:46 UTC 2013: Setting initial status
Sun May 26 18:19:46 UTC 2013: Removing temporary directory if it exists
Sun May 26 18:19:46 UTC 2013: Copying slides from usb stick
Sun May 26 18:19:46 UTC 2013: Copied 2 files from usb
Sun May 26 18:19:46 UTC 2013: Removing old slides
Sun May 26 18:19:46 UTC 2013: New slides moved to production, generating new file list
Sun May 26 18:19:46 UTC 2013: Writing file list to js
Sun May 26 18:19:46 UTC 2013: Updating status to loaded
Sun May 26 18:19:46 UTC 2013: Sleeping for 20 seconds
Sun May 26 18:20:06 UTC 2013: Resetting status to normal
Sun May 26 18:25:20 UTC 2013: Setting initial status
Sun May 26 18:25:20 UTC 2013: Removing temporary directory if it exists
Sun May 26 18:25:20 UTC 2013: Copying slides from usb stick
Sun May 26 18:25:21 UTC 2013: Copied 2 files from usb
Sun May 26 18:25:21 UTC 2013: Removing old slides
Sun May 26 18:25:21 UTC 2013: New slides moved to production, generating new file list
Sun May 26 18:25:21 UTC 2013: Writing file list to js
Sun May 26 18:25:21 UTC 2013: Updating status to loaded
Sun May 26 18:25:21 UTC 2013: Sleeping for 20 seconds
Sun May 26 18:25:41 UTC 2013: Resetting status to normal
Sun May 26 18:27:36 UTC 2013: Setting initial status
Sun May 26 18:27:36 UTC 2013: Removing temporary directory if it exists
Sun May 26 18:27:36 UTC 2013: Copying slides from usb stick
Sun May 26 18:27:36 UTC 2013: Copied 4 files from usb
Sun May 26 18:27:36 UTC 2013: Removing old slides
Sun May 26 18:27:36 UTC 2013: New slides moved to production, generating new file list
Sun May 26 18:27:36 UTC 2013: Writing file list to js
Sun May 26 18:27:36 UTC 2013: Updating status to loaded
Sun May 26 18:27:36 UTC 2013: Sleeping for 20 seconds
Sun May 26 18:27:56 UTC 2013: Resetting status to normal
Sun May 26 18:39:56 UTC 2013: Setting initial status
Sun May 26 18:40:39 UTC 2013: Setting initial status
Sun May 26 18:43:25 UTC 2013: Setting initial status
Sun May 26 18:44:01 UTC 2013: Setting initial status
Sun May 26 18:44:25 UTC 2013: Setting initial status
Sun May 26 18:46:19 UTC 2013: Setting initial status
Sun May 26 18:46:19 UTC 2013: No project end time found on usb stick
Sun May 26 18:46:19 UTC 2013: No custom config found on usb stick
Sun May 26 18:46:19 UTC 2013: Copying slides from usb stick
Sun May 26 18:46:49 UTC 2013: Setting initial status
Sun May 26 18:46:49 UTC 2013: Copying new project end time config from usb stick
Sun May 26 18:46:49 UTC 2013: Copying custom config from usb stick
Sun May 26 18:46:49 UTC 2013: Copying slides from usb stick
Sun May 26 18:53:35 UTC 2013: Setting initial status
Sun May 26 18:53:35 UTC 2013: Copying new project end time config from usb stick
Sun May 26 18:53:35 UTC 2013: Copying custom config from usb stick
Sun May 26 18:53:35 UTC 2013: Copying slides from usb stick
Sun May 26 18:55:09 UTC 2013: Setting initial status
Sun May 26 18:55:09 UTC 2013: Copying new project end time config from usb stick
Sun May 26 18:55:09 UTC 2013: Copying custom config from usb stick
Sun May 26 18:55:09 UTC 2013: Copying slides from usb stick
Sun May 26 18:55:57 UTC 2013: Setting initial status
Sun May 26 18:55:57 UTC 2013: Copying new project end time config from usb stick
Sun May 26 18:55:58 UTC 2013: Copying custom config from usb stick
Sun May 26 18:55:58 UTC 2013: Copying slides from usb stick
Sun May 26 19:10:32 UTC 2013: Setting initial status
Sun May 26 19:10:32 UTC 2013: Copying new project end time config from usb stick
Sun May 26 19:10:32 UTC 2013: Copying custom config from usb stick
Sun May 26 19:10:32 UTC 2013: Copying slides from usb stick
Sun May 26 19:10:32 UTC 2013: : line 60: exit status of last command: 1
Sun May 26 19:12:21 UTC 2013: Setting initial status
Sun May 26 19:12:21 UTC 2013: Copying new project end time config from usb stick
Sun May 26 19:12:21 UTC 2013: Copying custom config from usb stick
Sun May 26 19:12:21 UTC 2013: Copying slides from usb stick
Sun May 26 19:12:21 UTC 2013: Error on line 60: exit status of last command: 1
Sun May 26 19:12:21 UTC 2013: Sleeping for 5 seconds
Sun May 26 19:12:26 UTC 2013: Resetting status to normal
Sun May 26 19:13:31 UTC 2013: Setting initial status
Sun May 26 19:13:31 UTC 2013: Copying new project end time config from usb stick
Sun May 26 19:13:31 UTC 2013: Copying custom config from usb stick
Sun May 26 19:13:31 UTC 2013: Removing temporary directory if it exists
Sun May 26 19:13:31 UTC 2013: Copying slides from usb stick
Sun May 26 19:13:31 UTC 2013: Copied 4 files from usb
Sun May 26 19:13:31 UTC 2013: Removing old slides
Sun May 26 19:13:31 UTC 2013: New slides moved to production, generating new file list
Sun May 26 19:13:31 UTC 2013: Writing file list to js
Sun May 26 19:13:31 UTC 2013: Updating status to loaded
Sun May 26 19:13:31 UTC 2013: Sleeping for 5 seconds
Sun May 26 19:13:36 UTC 2013: Resetting status to normal
Sun May 26 19:40:43 UTC 2013: Setting initial status
Sun May 26 19:40:43 UTC 2013: Copying new project end time config from usb stick
Sun May 26 19:40:43 UTC 2013: Copying custom config from usb stick
Sun May 26 19:40:43 UTC 2013: Removing temporary directory if it exists
Sun May 26 19:40:43 UTC 2013: Copying slides from usb stick
Sun May 26 19:40:43 UTC 2013: Error on line 64: exit status of last command: 1
Sun May 26 19:40:43 UTC 2013: Sleeping for 5 seconds
Sun May 26 19:40:48 UTC 2013: Resetting status to normal
Sun May 26 20:20:45 UTC 2013: Setting initial status
Sun May 26 20:20:45 UTC 2013: Copying new project end time config from usb stick
Sun May 26 20:20:45 UTC 2013: Copying custom config from usb stick
Sun May 26 20:20:45 UTC 2013: Removing temporary directory if it exists
Sun May 26 20:20:45 UTC 2013: Copying slides from usb stick
Sun May 26 20:20:45 UTC 2013: Error on line 64: exit status of last command: 1
Sun May 26 20:20:45 UTC 2013: Sleeping for 5 seconds
Sun May 26 20:20:50 UTC 2013: Resetting status to normal
Sun May 26 20:21:41 UTC 2013: Setting initial status
Sun May 26 20:21:41 UTC 2013: Copying new project end time config from usb stick
Sun May 26 20:21:41 UTC 2013: Copying custom config from usb stick
Sun May 26 20:21:41 UTC 2013: Removing temporary directory if it exists
Sun May 26 20:21:41 UTC 2013: Copying slides from usb stick
Sun May 26 20:21:41 UTC 2013: Copied 4 files from usb
Sun May 26 20:21:41 UTC 2013: Removing old slides
Sun May 26 20:21:42 UTC 2013: New slides moved to production, generating new file list
Sun May 26 20:21:42 UTC 2013: Writing file list to js
Sun May 26 20:21:42 UTC 2013: Updating status to loaded
Sun May 26 20:21:42 UTC 2013: Sleeping for 5 seconds
Sun May 26 20:21:47 UTC 2013: Resetting status to normal
Sun May 26 20:22:21 UTC 2013: Setting initial status
Sun May 26 20:22:21 UTC 2013: Copying new project end time config from usb stick
Sun May 26 20:22:21 UTC 2013: Copying custom config from usb stick
Sun May 26 20:22:21 UTC 2013: Removing temporary directory if it exists
Sun May 26 20:22:21 UTC 2013: Copying slides from usb stick
Sun May 26 20:22:21 UTC 2013: Error on line 64: exit status of last command: 1
Sun May 26 20:22:21 UTC 2013: Sleeping for 5 seconds
Sun May 26 20:22:26 UTC 2013: Resetting status to normal
Sun May 26 20:24:12 UTC 2013: Setting initial status
Sun May 26 20:24:12 UTC 2013: Copying new project end time config from usb stick
Sun May 26 20:24:12 UTC 2013: Copying custom config from usb stick
Sun May 26 20:24:12 UTC 2013: Removing temporary directory if it exists
Sun May 26 20:24:12 UTC 2013: Copying slides from usb stick
Sun May 26 20:24:12 UTC 2013: Copied 4 files from usb
Sun May 26 20:24:12 UTC 2013: Removing old slides
Sun May 26 20:24:12 UTC 2013: New slides moved to production, generating new file list
Sun May 26 20:24:12 UTC 2013: Writing file list to js
Sun May 26 20:24:12 UTC 2013: Updating status to loaded
Sun May 26 20:24:13 UTC 2013: Sleeping for 5 seconds
Sun May 26 20:24:18 UTC 2013: Resetting status to normal
Sun May 26 20:24:40 UTC 2013: Setting initial status
Sun May 26 20:24:40 UTC 2013: Copying new project end time config from usb stick
Sun May 26 20:24:40 UTC 2013: Copying custom config from usb stick
Sun May 26 20:24:40 UTC 2013: Removing temporary directory if it exists
Sun May 26 20:24:40 UTC 2013: Directory not found, aborting
Sun May 26 20:24:40 UTC 2013: Sleeping for 5 seconds
Sun May 26 20:24:45 UTC 2013: Resetting status to normal
Sun May 26 20:28:25 UTC 2013: Setting initial status
Sun May 26 20:28:25 UTC 2013: Copying new project end time config from usb stick
Sun May 26 20:28:25 UTC 2013: Copying custom config from usb stick
Sun May 26 20:28:25 UTC 2013: Removing temporary directory if it exists
Sun May 26 20:28:25 UTC 2013: Copying slides from usb stick
Sun May 26 20:28:25 UTC 2013: Copied 4 files from usb
Sun May 26 20:28:25 UTC 2013: Removing old slides
Sun May 26 20:28:25 UTC 2013: New slides moved to production, generating new file list
Sun May 26 20:28:25 UTC 2013: Writing file list to js
Sun May 26 20:28:25 UTC 2013: Updating status to loaded
Sun May 26 20:28:25 UTC 2013: Sleeping for 5 seconds
Sun May 26 20:28:30 UTC 2013: Resetting status to normal
Sun May 26 20:33:15 UTC 2013: Setting initial status
Sun May 26 20:33:15 UTC 2013: Copying new project end time config from usb stick
Sun May 26 20:33:15 UTC 2013: Copying custom config from usb stick
Sun May 26 20:33:15 UTC 2013: Removing temporary directory if it exists
Sun May 26 20:33:15 UTC 2013: Copying slides from usb stick
Sun May 26 20:33:15 UTC 2013: Copied 4 files from usb
Sun May 26 20:33:15 UTC 2013: Removing old slides
Sun May 26 20:33:15 UTC 2013: New slides moved to production, generating new file list
Sun May 26 20:33:15 UTC 2013: Writing file list to js
Sun May 26 20:33:15 UTC 2013: Updating status to loaded
Sun May 26 20:33:15 UTC 2013: Sleeping for 5 seconds
Sun May 26 20:33:20 UTC 2013: Resetting status to normal
Sun May 26 20:35:43 UTC 2013: Setting initial status
Sun May 26 20:35:43 UTC 2013: Copying new project end time config from usb stick
Sun May 26 20:35:43 UTC 2013: Copying custom config from usb stick
Sun May 26 20:35:43 UTC 2013: Removing temporary directory if it exists
Sun May 26 20:35:43 UTC 2013: Copying slides from usb stick
Sun May 26 20:35:43 UTC 2013: Copied 4 files from usb
Sun May 26 20:35:43 UTC 2013: Removing old slides
Sun May 26 20:35:43 UTC 2013: New slides moved to production, generating new file list
Sun May 26 20:35:43 UTC 2013: Writing file list to js
Sun May 26 20:35:43 UTC 2013: Updating status to loaded
Sun May 26 20:35:43 UTC 2013: Sleeping for 5 seconds
Sun May 26 20:35:48 UTC 2013: Resetting status to normal
Sun May 26 20:37:41 UTC 2013: Setting initial status
Sun May 26 20:37:41 UTC 2013: Copying new project end time config from usb stick
Sun May 26 20:37:41 UTC 2013: Copying custom config from usb stick
Sun May 26 20:37:41 UTC 2013: Removing temporary directory if it exists
Sun May 26 20:37:41 UTC 2013: Copying slides from usb stick
Sun May 26 20:37:42 UTC 2013: Copied 4 files from usb
Sun May 26 20:37:42 UTC 2013: Removing old slides
Sun May 26 20:37:42 UTC 2013: New slides moved to production, generating new file list
Sun May 26 20:37:42 UTC 2013: Writing file list to js
Sun May 26 20:37:42 UTC 2013: Updating status to loaded
Sun May 26 20:37:42 UTC 2013: Sleeping for 5 seconds
Sun May 26 20:37:47 UTC 2013: Resetting status to normal
Sun May 26 20:53:18 UTC 2013: Setting initial status
Sun May 26 20:53:18 UTC 2013: Copying new project end time config from usb stick
Sun May 26 20:53:18 UTC 2013: Copying custom config from usb stick
Sun May 26 20:53:18 UTC 2013: Removing temporary directory if it exists
Sun May 26 20:53:18 UTC 2013: Copying slides from usb stick
Sun May 26 20:53:18 UTC 2013: Copied 4 files from usb
Sun May 26 20:53:18 UTC 2013: Removing old slides
Sun May 26 20:53:18 UTC 2013: New slides moved to production, generating new file list
Sun May 26 20:53:18 UTC 2013: Writing file list to js
Sun May 26 20:53:18 UTC 2013: Updating status to loaded
Sun May 26 20:53:18 UTC 2013: Sleeping for 5 seconds
Sun May 26 20:53:23 UTC 2013: Resetting status to normal
Sun May 26 20:54:33 UTC 2013: Setting initial status
Sun May 26 20:54:33 UTC 2013: Copying new project end time config from usb stick
Sun May 26 20:54:33 UTC 2013: Copying custom config from usb stick
Sun May 26 20:54:33 UTC 2013: Removing temporary directory if it exists
Sun May 26 20:54:33 UTC 2013: Copying slides from usb stick
Sun May 26 20:54:33 UTC 2013: Copied 4 files from usb
Sun May 26 20:54:33 UTC 2013: Removing old slides
Sun May 26 20:54:34 UTC 2013: New slides moved to production, generating new file list
Sun May 26 20:54:34 UTC 2013: Writing file list to js
Sun May 26 20:54:34 UTC 2013: Updating status to loaded
Sun May 26 20:54:34 UTC 2013: Sleeping for 5 seconds
Sun May 26 20:54:39 UTC 2013: Resetting status to normal
Sun May 26 20:54:41 UTC 2013: Setting initial status
Sun May 26 20:54:41 UTC 2013: Copying new project end time config from usb stick
Sun May 26 20:54:41 UTC 2013: Copying custom config from usb stick
Sun May 26 20:54:41 UTC 2013: Removing temporary directory if it exists
Sun May 26 20:54:41 UTC 2013: Copying slides from usb stick
Sun May 26 20:54:41 UTC 2013: Copied 4 files from usb
Sun May 26 20:54:41 UTC 2013: Removing old slides
Sun May 26 20:54:41 UTC 2013: New slides moved to production, generating new file list
Sun May 26 20:54:41 UTC 2013: Writing file list to js
Sun May 26 20:54:41 UTC 2013: Updating status to loaded
Sun May 26 20:54:41 UTC 2013: Sleeping for 5 seconds
Sun May 26 20:54:46 UTC 2013: Resetting status to normal
Sun May 26 20:56:02 UTC 2013: Setting initial status
Sun May 26 20:56:02 UTC 2013: Copying new project end time config from usb stick
Sun May 26 20:56:02 UTC 2013: Copying custom config from usb stick
Sun May 26 20:56:02 UTC 2013: Removing temporary directory if it exists
Sun May 26 20:56:02 UTC 2013: Copying slides from usb stick
Sun May 26 20:56:02 UTC 2013: Copied 4 files from usb
Sun May 26 20:56:02 UTC 2013: Removing old slides
Sun May 26 20:56:02 UTC 2013: New slides moved to production, generating new file list
Sun May 26 20:56:02 UTC 2013: Writing file list to js
Sun May 26 20:56:02 UTC 2013: Updating status to loaded
Sun May 26 20:56:02 UTC 2013: Sleeping for 5 seconds
Sun May 26 20:56:07 UTC 2013: Resetting status to normal
Sun May 26 21:08:34 UTC 2013: Setting initial status
Sun May 26 21:08:35 UTC 2013: Copying new project end time config from usb stick
Sun May 26 21:08:35 UTC 2013: Copying custom config from usb stick
Sun May 26 21:08:35 UTC 2013: Removing temporary directory if it exists
Sun May 26 21:08:35 UTC 2013: Copying slides from usb stick
Sun May 26 21:08:35 UTC 2013: Copied 4 files from usb
Sun May 26 21:08:35 UTC 2013: Removing old slides
Sun May 26 21:08:35 UTC 2013: New slides moved to production, generating new file list
Sun May 26 21:08:35 UTC 2013: Writing file list to js
Sun May 26 21:08:35 UTC 2013: Updating status to loaded
Sun May 26 21:08:35 UTC 2013: Sleeping for 5 seconds
Sun May 26 21:08:40 UTC 2013: Resetting status to normal
Sun May 26 21:13:13 UTC 2013: Setting initial status
Sun May 26 21:13:13 UTC 2013: Copying new project end time config from usb stick
Sun May 26 21:13:13 UTC 2013: Copying custom config from usb stick
Sun May 26 21:13:13 UTC 2013: Removing temporary directory if it exists
Sun May 26 21:13:13 UTC 2013: Copying slides from usb stick
Sun May 26 21:13:13 UTC 2013: Copied 4 files from usb
Sun May 26 21:13:13 UTC 2013: Removing old slides
Sun May 26 21:13:13 UTC 2013: New slides moved to production, generating new file list
Sun May 26 21:13:13 UTC 2013: Writing file list to js
Sun May 26 21:13:13 UTC 2013: Updating status to loaded
Sun May 26 21:13:13 UTC 2013: Sleeping for 5 seconds
Sun May 26 21:13:18 UTC 2013: Resetting status to normal
Sun May 26 21:13:37 UTC 2013: Setting initial status
Sun May 26 21:13:37 UTC 2013: Copying new project end time config from usb stick
Sun May 26 21:13:37 UTC 2013: Copying custom config from usb stick
Sun May 26 21:13:37 UTC 2013: Removing temporary directory if it exists
Sun May 26 21:13:37 UTC 2013: Copying slides from usb stick
Sun May 26 21:13:37 UTC 2013: Copied 4 files from usb
Sun May 26 21:13:37 UTC 2013: Removing old slides
Sun May 26 21:13:37 UTC 2013: New slides moved to production, generating new file list
Sun May 26 21:13:37 UTC 2013: Writing file list to js
Sun May 26 21:13:37 UTC 2013: Updating status to loaded
Sun May 26 21:13:37 UTC 2013: Sleeping for 5 seconds
Sun May 26 21:13:42 UTC 2013: Resetting status to normal
Sun May 26 21:13:50 UTC 2013: Setting initial status
Sun May 26 21:13:50 UTC 2013: Copying new project end time config from usb stick
Sun May 26 21:13:51 UTC 2013: Copying custom config from usb stick
Sun May 26 21:13:51 UTC 2013: Removing temporary directory if it exists
Sun May 26 21:13:51 UTC 2013: Copying slides from usb stick
Sun May 26 21:13:51 UTC 2013: Copied 4 files from usb
Sun May 26 21:13:51 UTC 2013: Removing old slides
Sun May 26 21:13:51 UTC 2013: New slides moved to production, generating new file list
Sun May 26 21:13:51 UTC 2013: Writing file list to js
Sun May 26 21:13:51 UTC 2013: Updating status to loaded
Sun May 26 21:13:51 UTC 2013: Sleeping for 5 seconds
Sun May 26 21:13:56 UTC 2013: Resetting status to normal
Sun May 26 21:14:18 UTC 2013: Setting initial status
Sun May 26 21:14:18 UTC 2013: Copying new project end time config from usb stick
Sun May 26 21:14:18 UTC 2013: Copying custom config from usb stick
Sun May 26 21:14:18 UTC 2013: Removing temporary directory if it exists
Sun May 26 21:14:18 UTC 2013: Copying slides from usb stick
Sun May 26 21:14:18 UTC 2013: Copied 4 files from usb
Sun May 26 21:14:18 UTC 2013: Removing old slides
Sun May 26 21:14:18 UTC 2013: New slides moved to production, generating new file list
Sun May 26 21:14:18 UTC 2013: Writing file list to js
Sun May 26 21:14:18 UTC 2013: Updating status to loaded
Sun May 26 21:14:18 UTC 2013: Sleeping for 5 seconds
Sun May 26 21:14:24 UTC 2013: Resetting status to normal
Sun May 26 21:20:36 UTC 2013: Setting initial status
Sun May 26 21:20:36 UTC 2013: Copying new project end time config from usb stick
Sun May 26 21:20:36 UTC 2013: Copying custom config from usb stick
Sun May 26 21:20:36 UTC 2013: Removing temporary directory if it exists
Sun May 26 21:20:36 UTC 2013: Copying slides from usb stick
Sun May 26 21:20:36 UTC 2013: Copied 4 files from usb
Sun May 26 21:20:37 UTC 2013: Removing old slides
Sun May 26 21:20:37 UTC 2013: New slides moved to production, generating new file list
Sun May 26 21:20:37 UTC 2013: Writing file list to js
Sun May 26 21:20:37 UTC 2013: Updating status to loaded
Sun May 26 21:20:37 UTC 2013: Sleeping for 5 seconds
Sun May 26 21:20:42 UTC 2013: Resetting status to normal
Sun May 26 21:21:21 UTC 2013: Setting initial status
Sun May 26 21:21:21 UTC 2013: Copying new project end time config from usb stick
Sun May 26 21:21:22 UTC 2013: Copying custom config from usb stick
Sun May 26 21:21:22 UTC 2013: Removing temporary directory if it exists
Sun May 26 21:21:22 UTC 2013: Copying slides from usb stick
Sun May 26 21:21:22 UTC 2013: Error on line 70: exit status of last command: 1
Sun May 26 21:21:22 UTC 2013: Sleeping for 5 seconds
Sun May 26 21:21:27 UTC 2013: Resetting status to normal
Sun May 26 21:23:29 UTC 2013: Setting initial status
Sun May 26 21:23:29 UTC 2013: Copying new project end time config from usb stick
Sun May 26 21:23:29 UTC 2013: Copying custom config from usb stick
Sun May 26 21:23:29 UTC 2013: Removing temporary directory if it exists
Sun May 26 21:23:29 UTC 2013: Copying slides from usb stick
Sun May 26 21:23:29 UTC 2013: Error on line 70: exit status of last command: 1
Sun May 26 21:23:29 UTC 2013: Sleeping for 5 seconds
Sun May 26 21:23:34 UTC 2013: Resetting status to normal
Sun May 26 21:24:58 UTC 2013: Setting initial status
Sun May 26 21:24:58 UTC 2013: Copying new project end time config from usb stick
Sun May 26 21:24:58 UTC 2013: Copying custom config from usb stick
Sun May 26 21:24:58 UTC 2013: Removing temporary directory if it exists
Sun May 26 21:24:58 UTC 2013: Copying slides from usb stick
Sun May 26 21:24:58 UTC 2013: Error on line 70: exit status of last command: 1
Sun May 26 21:24:58 UTC 2013: Sleeping for 5 seconds
Sun May 26 21:25:03 UTC 2013: Resetting status to normal
Sun May 26 21:25:58 UTC 2013: Setting initial status
Sun May 26 21:25:58 UTC 2013: Copying new project end time config from usb stick
Sun May 26 21:25:58 UTC 2013: Copying custom config from usb stick
Sun May 26 21:25:58 UTC 2013: Removing temporary directory if it exists
Sun May 26 21:25:58 UTC 2013: Copying slides from usb stick
Sun May 26 21:25:58 UTC 2013: Error on line 70: exit status of last command: 1
Sun May 26 21:25:58 UTC 2013: Sleeping for 5 seconds
Sun May 26 21:26:03 UTC 2013: Resetting status to normal
Sun May 26 21:26:21 UTC 2013: Setting initial status
Sun May 26 21:26:21 UTC 2013: Copying new project end time config from usb stick
Sun May 26 21:26:21 UTC 2013: Copying custom config from usb stick
Sun May 26 21:26:21 UTC 2013: Removing temporary directory if it exists
Sun May 26 21:26:21 UTC 2013: Copying slides from usb stick
Sun May 26 21:26:21 UTC 2013: Copied 4 files from usb
Sun May 26 21:26:21 UTC 2013: Removing old slides
Sun May 26 21:26:21 UTC 2013: New slides moved to production, generating new file list
Sun May 26 21:26:21 UTC 2013: Writing file list to js
Sun May 26 21:26:21 UTC 2013: Updating status to loaded
Sun May 26 21:26:21 UTC 2013: Sleeping for 5 seconds
Sun May 26 21:26:26 UTC 2013: Resetting status to normal
Sun May 26 21:29:31 UTC 2013: Setting initial status
Sun May 26 21:29:31 UTC 2013: Copying new project end time config from usb stick
Sun May 26 21:29:31 UTC 2013: Copying custom config from usb stick
Sun May 26 21:29:31 UTC 2013: Removing temporary directory if it exists
Sun May 26 21:29:31 UTC 2013: Copying slides from usb stick
Sun May 26 21:29:31 UTC 2013: Copied 4 files from usb
Sun May 26 21:29:31 UTC 2013: Removing old slides
Sun May 26 21:29:31 UTC 2013: New slides moved to production, generating new file list
Sun May 26 21:29:31 UTC 2013: Writing file list to js
Sun May 26 21:29:31 UTC 2013: Updating status to loaded
Sun May 26 21:29:31 UTC 2013: Sleeping for 5 seconds
Sun May 26 21:29:36 UTC 2013: Resetting status to normal
Sun May 26 21:30:12 UTC 2013: Setting initial status
Sun May 26 21:30:12 UTC 2013: Copying new project end time config from usb stick
Sun May 26 21:30:12 UTC 2013: Copying custom config from usb stick
Sun May 26 21:30:12 UTC 2013: Removing temporary directory if it exists
Sun May 26 21:30:12 UTC 2013: Copying slides from usb stick
Sun May 26 21:30:13 UTC 2013: Copied 4 files from usb
Sun May 26 21:30:13 UTC 2013: Removing old slides
Sun May 26 21:30:13 UTC 2013: New slides moved to production, generating new file list
Sun May 26 21:30:13 UTC 2013: Writing file list to js
Sun May 26 21:30:13 UTC 2013: Updating status to loaded
Sun May 26 21:30:13 UTC 2013: Sleeping for 5 seconds
Sun May 26 21:30:18 UTC 2013: Resetting status to normal
Sun May 26 21:36:54 UTC 2013: Setting initial status
Sun May 26 21:36:54 UTC 2013: Copying new project end time config from usb stick
Sun May 26 21:36:54 UTC 2013: Copying custom config from usb stick
Sun May 26 21:36:54 UTC 2013: Removing temporary directory if it exists
Sun May 26 21:36:54 UTC 2013: Copying slides from usb stick
Sun May 26 21:36:54 UTC 2013: Copied 4 files from usb
Sun May 26 21:36:54 UTC 2013: Removing old slides
Sun May 26 21:36:54 UTC 2013: New slides moved to production, generating new file list
Sun May 26 21:36:54 UTC 2013: Writing file list to js
Sun May 26 21:36:54 UTC 2013: Updating status to loaded
Sun May 26 21:36:54 UTC 2013: Sleeping for 5 seconds
Sun May 26 21:36:59 UTC 2013: Resetting status to normal
Sun May 26 21:37:44 UTC 2013: Setting initial status
Sun May 26 21:37:44 UTC 2013: Copying new project end time config from usb stick
Sun May 26 21:37:44 UTC 2013: Copying custom config from usb stick
Sun May 26 21:37:44 UTC 2013: Removing temporary directory if it exists
Sun May 26 21:37:44 UTC 2013: Copying slides from usb stick
Sun May 26 21:37:45 UTC 2013: Copied 2 files from usb
Sun May 26 21:37:45 UTC 2013: Removing old slides
Sun May 26 21:37:45 UTC 2013: New slides moved to production, generating new file list
Sun May 26 21:37:45 UTC 2013: Writing file list to js
Sun May 26 21:37:45 UTC 2013: Updating status to loaded
Sun May 26 21:37:45 UTC 2013: Sleeping for 5 seconds
Sun May 26 21:37:50 UTC 2013: Resetting status to normal
Sun May 26 21:39:37 UTC 2013: Setting initial status
Sun May 26 21:39:37 UTC 2013: Copying new project end time config from usb stick
Sun May 26 21:39:37 UTC 2013: Copying custom config from usb stick
Sun May 26 21:39:38 UTC 2013: Removing temporary directory if it exists
Sun May 26 21:39:38 UTC 2013: Copying slides from usb stick
Sun May 26 21:39:38 UTC 2013: Copied 4 files from usb
Sun May 26 21:39:38 UTC 2013: Removing old slides
Sun May 26 21:39:38 UTC 2013: New slides moved to production, generating new file list
Sun May 26 21:39:38 UTC 2013: Writing file list to js
Sun May 26 21:39:38 UTC 2013: Updating status to loaded
Sun May 26 21:39:38 UTC 2013: Sleeping for 5 seconds
Sun May 26 21:39:43 UTC 2013: Resetting status to normal
Sun May 26 21:40:14 UTC 2013: Setting initial status
Sun May 26 21:40:14 UTC 2013: Copying new project end time config from usb stick
Sun May 26 21:40:14 UTC 2013: Copying custom config from usb stick
Sun May 26 21:40:14 UTC 2013: Removing temporary directory if it exists
Sun May 26 21:40:14 UTC 2013: Copying slides from usb stick
Sun May 26 21:40:14 UTC 2013: Copied 4 files from usb
Sun May 26 21:40:14 UTC 2013: Removing old slides
Sun May 26 21:40:14 UTC 2013: New slides moved to production, generating new file list
Sun May 26 21:40:14 UTC 2013: Writing file list to js
Sun May 26 21:40:14 UTC 2013: Updating status to loaded
Sun May 26 21:40:14 UTC 2013: Sleeping for 5 seconds
Sun May 26 21:40:19 UTC 2013: Resetting status to normal
Sun May 26 21:41:27 UTC 2013: Setting initial status
Sun May 26 21:41:27 UTC 2013: Copying new project end time config from usb stick
Sun May 26 21:41:27 UTC 2013: Copying custom config from usb stick
Sun May 26 21:41:27 UTC 2013: Removing temporary directory if it exists
Sun May 26 21:41:27 UTC 2013: Copying slides from usb stick
Sun May 26 21:41:27 UTC 2013: Copied 4 files from usb
Sun May 26 21:41:27 UTC 2013: Removing old slides
Sun May 26 21:41:27 UTC 2013: New slides moved to production, generating new file list
Sun May 26 21:41:27 UTC 2013: Writing file list to js
Sun May 26 21:41:27 UTC 2013: Updating status to loaded
Sun May 26 21:41:27 UTC 2013: Sleeping for 3 seconds
Sun May 26 21:41:30 UTC 2013: Resetting status to normal
Sun May 26 21:41:41 UTC 2013: Setting initial status
Sun May 26 21:41:41 UTC 2013: Copying new project end time config from usb stick
Sun May 26 21:41:41 UTC 2013: Copying custom config from usb stick
Sun May 26 21:41:41 UTC 2013: Removing temporary directory if it exists
Sun May 26 21:41:42 UTC 2013: Copying slides from usb stick
Sun May 26 21:41:42 UTC 2013: Copied 4 files from usb
Sun May 26 21:41:42 UTC 2013: Removing old slides
Sun May 26 21:41:42 UTC 2013: New slides moved to production, generating new file list
Sun May 26 21:41:42 UTC 2013: Writing file list to js
Sun May 26 21:41:42 UTC 2013: Updating status to loaded
Sun May 26 21:41:42 UTC 2013: Sleeping for 3 seconds
Sun May 26 21:41:45 UTC 2013: Resetting status to normal
Sun May 26 21:41:57 UTC 2013: Setting initial status
Sun May 26 21:41:57 UTC 2013: Copying new project end time config from usb stick
Sun May 26 21:41:57 UTC 2013: Copying custom config from usb stick
Sun May 26 21:41:57 UTC 2013: Removing temporary directory if it exists
Sun May 26 21:41:57 UTC 2013: Copying slides from usb stick
Sun May 26 21:41:57 UTC 2013: Copied 4 files from usb
Sun May 26 21:41:57 UTC 2013: Removing old slides
Sun May 26 21:41:57 UTC 2013: New slides moved to production, generating new file list
Sun May 26 21:41:57 UTC 2013: Writing file list to js
Sun May 26 21:41:57 UTC 2013: Updating status to loaded
Sun May 26 21:41:57 UTC 2013: Sleeping for 3 seconds
Sun May 26 21:42:00 UTC 2013: Resetting status to normal
Sun May 26 21:42:40 UTC 2013: Setting initial status
Sun May 26 21:42:44 UTC 2013: Copying new project end time config from usb stick
Sun May 26 21:42:44 UTC 2013: Copying custom config from usb stick
Sun May 26 21:42:44 UTC 2013: Removing temporary directory if it exists
Sun May 26 21:42:44 UTC 2013: Copying slides from usb stick
Sun May 26 21:42:44 UTC 2013: Copied 4 files from usb
Sun May 26 21:42:44 UTC 2013: Removing old slides
Sun May 26 21:42:44 UTC 2013: New slides moved to production, generating new file list
Sun May 26 21:42:44 UTC 2013: Writing file list to js
Sun May 26 21:42:44 UTC 2013: Updating status to loaded
Sun May 26 21:42:44 UTC 2013: Sleeping for 3 seconds
Sun May 26 21:42:47 UTC 2013: Resetting status to normal
Sun May 26 21:43:24 UTC 2013: Setting initial status
Sun May 26 21:43:27 UTC 2013: Copying new project end time config from usb stick
Sun May 26 21:43:27 UTC 2013: Copying custom config from usb stick
Sun May 26 21:43:27 UTC 2013: Removing temporary directory if it exists
Sun May 26 21:43:27 UTC 2013: Copying slides from usb stick
Sun May 26 21:43:27 UTC 2013: Copied 4 files from usb
Sun May 26 21:43:27 UTC 2013: Removing old slides
Sun May 26 21:43:27 UTC 2013: New slides moved to production, generating new file list
Sun May 26 21:43:27 UTC 2013: Writing file list to js
Sun May 26 21:43:27 UTC 2013: Updating status to loaded
Sun May 26 21:43:27 UTC 2013: Sleeping for 3 seconds
Sun May 26 21:43:30 UTC 2013: Resetting status to normal
Sun May 26 21:44:08 UTC 2013: Setting initial status
Sun May 26 21:44:11 UTC 2013: Copying new project end time config from usb stick
Sun May 26 21:44:11 UTC 2013: Copying custom config from usb stick
Sun May 26 21:44:11 UTC 2013: Removing temporary directory if it exists
Sun May 26 21:44:11 UTC 2013: Copying slides from usb stick
Sun May 26 21:44:11 UTC 2013: Copied 4 files from usb
Sun May 26 21:44:11 UTC 2013: Removing old slides
Sun May 26 21:44:11 UTC 2013: New slides moved to production, generating new file list
Sun May 26 21:44:11 UTC 2013: Writing file list to js
Sun May 26 21:44:11 UTC 2013: Updating status to loaded
Sun May 26 21:44:11 UTC 2013: Sleeping for 3 seconds
Sun May 26 21:44:14 UTC 2013: Resetting status to normal
Sun May 26 21:45:00 UTC 2013: Setting initial status
Sun May 26 21:45:03 UTC 2013: Copying new project end time config from usb stick
Sun May 26 21:45:03 UTC 2013: Copying custom config from usb stick
Sun May 26 21:45:03 UTC 2013: Removing temporary directory if it exists
Sun May 26 21:45:03 UTC 2013: Copying slides from usb stick
Sun May 26 21:45:03 UTC 2013: Copied 4 files from usb
Sun May 26 21:45:03 UTC 2013: Removing old slides
Sun May 26 21:45:03 UTC 2013: New slides moved to production, generating new file list
Sun May 26 21:45:03 UTC 2013: Writing file list to js
Sun May 26 21:45:03 UTC 2013: Updating status to loaded
Sun May 26 21:45:03 UTC 2013: Sleeping for 3 seconds
Sun May 26 21:45:06 UTC 2013: Resetting status to normal
Sun May 26 21:49:03 UTC 2013: Setting initial status
Sun May 26 21:49:06 UTC 2013: Copying new project end time config from usb stick
Sun May 26 21:49:06 UTC 2013: Copying custom config from usb stick
Sun May 26 21:49:06 UTC 2013: Removing temporary directory if it exists
Sun May 26 21:49:06 UTC 2013: Copying slides from usb stick
Sun May 26 21:49:07 UTC 2013: Copied 4 files from usb
Sun May 26 21:49:07 UTC 2013: Removing old slides
Sun May 26 21:49:07 UTC 2013: New slides moved to production, generating new file list
Sun May 26 21:49:07 UTC 2013: Writing file list to js
Sun May 26 21:49:07 UTC 2013: Updating status to loaded
Sun May 26 21:49:07 UTC 2013: Sleeping for 3 seconds
Sun May 26 21:49:10 UTC 2013: Resetting status to normal
Sun May 26 21:53:12 UTC 2013: Setting initial status
Sun May 26 21:53:15 UTC 2013: Copying new project end time config from usb stick
Sun May 26 21:53:15 UTC 2013: Copying custom config from usb stick
Sun May 26 21:53:15 UTC 2013: Removing temporary directory if it exists
Sun May 26 21:53:15 UTC 2013: Copying slides from usb stick
Sun May 26 21:53:15 UTC 2013: Copied 4 files from usb
Sun May 26 21:53:15 UTC 2013: Removing old slides
Sun May 26 21:53:15 UTC 2013: New slides moved to production, generating new file list
Sun May 26 21:53:15 UTC 2013: Writing file list to js
Sun May 26 21:53:15 UTC 2013: Updating status to loaded
Sun May 26 21:53:15 UTC 2013: Sleeping for 3 seconds
Sun May 26 21:53:18 UTC 2013: Resetting status to normal
Sun May 26 21:55:01 UTC 2013: Setting initial status
Sun May 26 21:55:04 UTC 2013: Copying new project end time config from usb stick
Sun May 26 21:55:04 UTC 2013: Copying custom config from usb stick
Sun May 26 21:55:04 UTC 2013: Removing temporary directory if it exists
Sun May 26 21:55:04 UTC 2013: Copying slides from usb stick
Sun May 26 21:55:04 UTC 2013: Copied 4 files from usb
Sun May 26 21:55:04 UTC 2013: Removing old slides
Sun May 26 21:55:04 UTC 2013: New slides moved to production, generating new file list
Sun May 26 21:55:04 UTC 2013: Writing file list to js
Sun May 26 21:55:04 UTC 2013: Updating status to loaded
Sun May 26 21:55:04 UTC 2013: Sleeping for 3 seconds
Sun May 26 21:55:07 UTC 2013: Resetting status to normal
Sun May 26 21:55:35 UTC 2013: Setting initial status
Sun May 26 21:55:38 UTC 2013: Copying new project end time config from usb stick
Sun May 26 21:55:38 UTC 2013: Copying custom config from usb stick
Sun May 26 21:55:38 UTC 2013: Removing temporary directory if it exists
Sun May 26 21:55:38 UTC 2013: Copying slides from usb stick
Sun May 26 21:55:38 UTC 2013: Copied 4 files from usb
Sun May 26 21:55:38 UTC 2013: Removing old slides
Sun May 26 21:55:38 UTC 2013: New slides moved to production, generating new file list
Sun May 26 21:55:38 UTC 2013: Writing file list to js
Sun May 26 21:55:38 UTC 2013: Updating status to loaded
Sun May 26 21:55:38 UTC 2013: Sleeping for 3 seconds
Sun May 26 21:55:41 UTC 2013: Resetting status to normal
Sun May 26 21:56:13 UTC 2013: Setting initial status
Sun May 26 21:56:16 UTC 2013: Copying new project end time config from usb stick
Sun May 26 21:56:16 UTC 2013: Copying custom config from usb stick
Sun May 26 21:56:16 UTC 2013: Removing temporary directory if it exists
Sun May 26 21:56:16 UTC 2013: Copying slides from usb stick
Sun May 26 21:56:16 UTC 2013: Copied 4 files from usb
Sun May 26 21:56:16 UTC 2013: Removing old slides
Sun May 26 21:56:16 UTC 2013: New slides moved to production, generating new file list
Sun May 26 21:56:16 UTC 2013: Writing file list to js
Sun May 26 21:56:16 UTC 2013: Updating status to loaded
Sun May 26 21:56:16 UTC 2013: Sleeping for 3 seconds
Sun May 26 21:56:20 UTC 2013: Resetting status to normal
Sun May 26 21:57:35 UTC 2013: Setting initial status
Sun May 26 21:57:38 UTC 2013: Copying new project end time config from usb stick
Sun May 26 21:57:38 UTC 2013: Copying custom config from usb stick
Sun May 26 21:57:38 UTC 2013: Removing temporary directory if it exists
Sun May 26 21:57:38 UTC 2013: Copying slides from usb stick
Sun May 26 21:57:38 UTC 2013: Copied 4 files from usb
Sun May 26 21:57:38 UTC 2013: Removing old slides
Sun May 26 21:57:38 UTC 2013: New slides moved to production, generating new file list
Sun May 26 21:57:38 UTC 2013: Writing file list to js
Sun May 26 21:57:38 UTC 2013: Updating status to loaded
Sun May 26 21:57:38 UTC 2013: Sleeping for 3 seconds
Sun May 26 21:57:41 UTC 2013: Resetting status to normal
Wed Jul 17 10:53:48 UTC 2013: Setting initial status
Wed Jul 17 10:53:51 UTC 2013: Copying new project end time config from usb stick
Wed Jul 17 10:53:51 UTC 2013: Copying custom config from usb stick
Wed Jul 17 10:53:51 UTC 2013: Removing temporary directory if it exists
Wed Jul 17 10:53:51 UTC 2013: Copying slides from usb stick
Wed Jul 17 10:53:51 UTC 2013: Copied 4 files from usb
Wed Jul 17 10:53:51 UTC 2013: Removing old slides
Wed Jul 17 10:53:51 UTC 2013: New slides moved to production, generating new file list
Wed Jul 17 10:53:51 UTC 2013: Writing file list to js
Wed Jul 17 10:53:51 UTC 2013: Updating status to loaded
Wed Jul 17 10:53:51 UTC 2013: Sleeping for 3 seconds
Wed Jul 17 10:53:54 UTC 2013: Resetting status to normal
Wed Jul 17 10:54:07 UTC 2013: Setting initial status
Wed Jul 17 10:54:10 UTC 2013: Copying new project end time config from usb stick
Wed Jul 17 10:54:10 UTC 2013: Copying custom config from usb stick
Wed Jul 17 10:54:10 UTC 2013: Removing temporary directory if it exists
Wed Jul 17 10:54:10 UTC 2013: Copying slides from usb stick
Wed Jul 17 10:54:10 UTC 2013: Copied 4 files from usb
Wed Jul 17 10:54:10 UTC 2013: Removing old slides
Wed Jul 17 10:54:10 UTC 2013: New slides moved to production, generating new file list
Wed Jul 17 10:54:10 UTC 2013: Writing file list to js
Wed Jul 17 10:54:10 UTC 2013: Updating status to loaded
Wed Jul 17 10:54:10 UTC 2013: Sleeping for 3 seconds
Wed Jul 17 10:54:13 UTC 2013: Resetting status to normal
Wed Jul 17 10:54:38 UTC 2013: Setting initial status
Wed Jul 17 10:54:41 UTC 2013: Copying new project end time config from usb stick
Wed Jul 17 10:54:41 UTC 2013: Copying custom config from usb stick
Wed Jul 17 10:54:41 UTC 2013: Removing temporary directory if it exists
Wed Jul 17 10:54:41 UTC 2013: Copying slides from usb stick
Wed Jul 17 10:54:41 UTC 2013: Copied 4 files from usb
Wed Jul 17 10:54:41 UTC 2013: Removing old slides
Wed Jul 17 10:54:41 UTC 2013: New slides moved to production, generating new file list
Wed Jul 17 10:54:41 UTC 2013: Writing file list to js
Wed Jul 17 10:54:41 UTC 2013: Updating status to loaded
Wed Jul 17 10:54:41 UTC 2013: Sleeping for 3 seconds
Wed Jul 17 10:54:44 UTC 2013: Resetting status to normal
Wed Jul 17 10:56:24 UTC 2013: Setting initial status
Wed Jul 17 10:56:27 UTC 2013: Copying new project end time config from usb stick
Wed Jul 17 10:56:27 UTC 2013: Copying custom config from usb stick
Wed Jul 17 10:56:27 UTC 2013: Removing temporary directory if it exists
Wed Jul 17 10:56:27 UTC 2013: Copying slides from usb stick
Wed Jul 17 10:56:28 UTC 2013: Copied 4 files from usb
Wed Jul 17 10:56:28 UTC 2013: Removing old slides
Wed Jul 17 10:56:28 UTC 2013: New slides moved to production, generating new file list
Wed Jul 17 10:56:28 UTC 2013: Writing file list to js
Wed Jul 17 10:56:28 UTC 2013: Updating status to loaded
Wed Jul 17 10:56:28 UTC 2013: Sleeping for 3 seconds
Wed Jul 17 10:56:31 UTC 2013: Resetting status to normal
Wed Jul 17 11:00:20 UTC 2013: Setting initial status
Wed Jul 17 11:00:23 UTC 2013: Copying new project end time config from usb stick
Wed Jul 17 11:00:23 UTC 2013: Copying custom config from usb stick
Wed Jul 17 11:00:23 UTC 2013: Removing temporary directory if it exists
Wed Jul 17 11:00:23 UTC 2013: Copying slides from usb stick
Wed Jul 17 11:00:23 UTC 2013: Copied 4 files from usb
Wed Jul 17 11:00:23 UTC 2013: Removing old slides
Wed Jul 17 11:00:23 UTC 2013: New slides moved to production, generating new file list
Wed Jul 17 11:00:24 UTC 2013: Writing file list to js
Wed Jul 17 11:00:24 UTC 2013: Updating status to loaded
Wed Jul 17 11:00:24 UTC 2013: Sleeping for 3 seconds
Wed Jul 17 11:00:27 UTC 2013: Resetting status to normal
Wed Jul 17 11:00:50 UTC 2013: Setting initial status
Wed Jul 17 11:00:53 UTC 2013: Copying new project end time config from usb stick
Wed Jul 17 11:00:53 UTC 2013: Copying custom config from usb stick
Wed Jul 17 11:00:53 UTC 2013: Removing temporary directory if it exists
Wed Jul 17 11:00:53 UTC 2013: Copying slides from usb stick
Wed Jul 17 11:00:53 UTC 2013: Copied 4 files from usb
Wed Jul 17 11:00:53 UTC 2013: Removing old slides
Wed Jul 17 11:00:53 UTC 2013: New slides moved to production, generating new file list
Wed Jul 17 11:00:53 UTC 2013: Writing file list to js
Wed Jul 17 11:00:53 UTC 2013: Updating status to loaded
Wed Jul 17 11:00:53 UTC 2013: Sleeping for 3 seconds
Wed Jul 17 11:00:57 UTC 2013: Resetting status to normal
Wed Jul 17 11:01:56 UTC 2013: Setting initial status
Wed Jul 17 11:01:59 UTC 2013: Copying new project end time config from usb stick
Wed Jul 17 11:02:00 UTC 2013: Copying custom config from usb stick
Wed Jul 17 11:02:00 UTC 2013: Removing temporary directory if it exists
Wed Jul 17 11:02:00 UTC 2013: Copying slides from usb stick
Wed Jul 17 11:02:00 UTC 2013: Copied 4 files from usb
Wed Jul 17 11:02:00 UTC 2013: Removing old slides
Wed Jul 17 11:02:00 UTC 2013: New slides moved to production, generating new file list
Wed Jul 17 11:02:00 UTC 2013: Writing file list to js
Wed Jul 17 11:02:00 UTC 2013: Updating status to loaded
Wed Jul 17 11:02:00 UTC 2013: Sleeping for 3 seconds
Wed Jul 17 11:02:03 UTC 2013: Resetting status to normal
Wed Jul 17 11:04:58 UTC 2013: bin boot dev etc home lib lost+found media mnt opt proc root run sbin selinux srv sys tmp usr var USB STICK INSERTED bin boot dev etc home lib lost+found media mnt opt proc root run sbin selinux srv sys tmp usr var
Wed Jul 17 11:04:58 UTC 2013: Setting initial status
Wed Jul 17 11:05:01 UTC 2013: Copying new project end time config from usb stick
Wed Jul 17 11:05:01 UTC 2013: Copying custom config from usb stick
Wed Jul 17 11:05:01 UTC 2013: Removing temporary directory if it exists
Wed Jul 17 11:05:01 UTC 2013: Copying slides from usb stick
Wed Jul 17 11:05:02 UTC 2013: Copied 4 files from usb
Wed Jul 17 11:05:02 UTC 2013: Removing old slides
Wed Jul 17 11:05:02 UTC 2013: New slides moved to production, generating new file list
Wed Jul 17 11:05:02 UTC 2013: Writing file list to js
Wed Jul 17 11:05:02 UTC 2013: Updating status to loaded
Wed Jul 17 11:05:02 UTC 2013: Sleeping for 3 seconds
Wed Jul 17 11:05:05 UTC 2013: Resetting status to normal
Wed Jul 17 11:05:39 UTC 2013: ------- USB STICK INSERTED -------
Wed Jul 17 11:05:40 UTC 2013: Setting initial status
Wed Jul 17 11:05:43 UTC 2013: Copying new project end time config from usb stick
Wed Jul 17 11:05:43 UTC 2013: Copying custom config from usb stick
Wed Jul 17 11:05:43 UTC 2013: Removing temporary directory if it exists
Wed Jul 17 11:05:43 UTC 2013: Copying slides from usb stick
Wed Jul 17 11:05:43 UTC 2013: Copied 4 files from usb
Wed Jul 17 11:05:43 UTC 2013: Removing old slides
Wed Jul 17 11:05:43 UTC 2013: New slides moved to production, generating new file list
Wed Jul 17 11:05:43 UTC 2013: Writing file list to js
Wed Jul 17 11:05:43 UTC 2013: Updating status to loaded
Wed Jul 17 11:05:43 UTC 2013: Sleeping for 3 seconds
Wed Jul 17 11:05:46 UTC 2013: Resetting status to normal
Wed Jul 17 11:07:34 UTC 2013: ------- USB STICK INSERTED -------
Wed Jul 17 11:07:34 UTC 2013: Setting initial status
Wed Jul 17 11:07:37 UTC 2013: Copying new project end time config from usb stick
Wed Jul 17 11:07:37 UTC 2013: Copying custom config from usb stick
Wed Jul 17 11:07:37 UTC 2013: Removing temporary directory if it exists
Wed Jul 17 11:07:37 UTC 2013: Copying slides from usb stick
Wed Jul 17 11:07:37 UTC 2013: Copied 4 files from usb
Wed Jul 17 11:07:37 UTC 2013: Removing old slides
Wed Jul 17 11:07:37 UTC 2013: New slides moved to production, generating new file list
Wed Jul 17 11:07:37 UTC 2013: Writing file list to js
Wed Jul 17 11:07:37 UTC 2013: Updating status to loaded
Wed Jul 17 11:07:37 UTC 2013: Sleeping for 3 seconds
Wed Jul 17 11:07:40 UTC 2013: Resetting status to normal
Wed Jul 17 11:07:40 UTC 2013: ------- SCRIPT END -------
Wed Jul 17 11:07:49 UTC 2013: ------- USB STICK INSERTED -------
Wed Jul 17 11:07:49 UTC 2013: Setting initial status
Wed Jul 17 11:07:52 UTC 2013: Copying new project end time config from usb stick
Wed Jul 17 11:07:52 UTC 2013: Copying custom config from usb stick
Wed Jul 17 11:07:52 UTC 2013: Removing temporary directory if it exists
Wed Jul 17 11:07:52 UTC 2013: Copying slides from usb stick
Wed Jul 17 11:07:52 UTC 2013: Copied 4 files from usb
Wed Jul 17 11:07:52 UTC 2013: Removing old slides
Wed Jul 17 11:07:52 UTC 2013: New slides moved to production, generating new file list
Wed Jul 17 11:07:53 UTC 2013: Writing file list to js
Wed Jul 17 11:07:53 UTC 2013: Updating status to loaded
Wed Jul 17 11:07:53 UTC 2013: Sleeping for 3 seconds
Wed Jul 17 11:07:56 UTC 2013: Resetting status to normal
Wed Jul 17 11:07:56 UTC 2013: ------- SCRIPT END -------
Wed Jul 17 11:07:56 UTC 2013:
Wed Jul 17 11:08:03 UTC 2013: ------- USB STICK INSERTED -------
Wed Jul 17 11:08:03 UTC 2013: Setting initial status
Wed Jul 17 11:08:06 UTC 2013: Copying new project end time config from usb stick
Wed Jul 17 11:08:06 UTC 2013: Copying custom config from usb stick
Wed Jul 17 11:08:06 UTC 2013: Removing temporary directory if it exists
Wed Jul 17 11:08:06 UTC 2013: Copying slides from usb stick
Wed Jul 17 11:08:07 UTC 2013: Copied 4 files from usb
Wed Jul 17 11:08:07 UTC 2013: Removing old slides
Wed Jul 17 11:08:07 UTC 2013: New slides moved to production, generating new file list
Wed Jul 17 11:08:07 UTC 2013: Writing file list to js
Wed Jul 17 11:08:07 UTC 2013: Updating status to loaded
Wed Jul 17 11:08:07 UTC 2013: Sleeping for 3 seconds
Wed Jul 17 11:08:10 UTC 2013: Resetting status to normal
Wed Jul 17 11:08:10 UTC 2013: ------- SCRIPT END -------
Wed Jul 17 11:08:10 UTC 2013:
Wed Jul 17 11:08:34 UTC 2013: ------- USB STICK INSERTED -------
Wed Jul 17 11:08:34 UTC 2013: Setting initial status
Wed Jul 17 11:08:37 UTC 2013: Copying new project end time config from usb stick
Wed Jul 17 11:08:37 UTC 2013: Copying custom config from usb stick
Wed Jul 17 11:08:37 UTC 2013: Removing temporary directory if it exists
Wed Jul 17 11:08:37 UTC 2013: Copying slides from usb stick
Wed Jul 17 11:08:37 UTC 2013: Copied 4 files from usb
Wed Jul 17 11:08:37 UTC 2013: Removing old slides
Wed Jul 17 11:08:38 UTC 2013: New slides moved to production, generating new file list
Wed Jul 17 11:08:38 UTC 2013: Writing file list to js
Wed Jul 17 11:08:38 UTC 2013: Updating status to loaded
Wed Jul 17 11:08:38 UTC 2013: Sleeping for 3 seconds
Wed Jul 17 11:08:41 UTC 2013: Resetting status to normal
Wed Jul 17 11:08:41 UTC 2013: ------- SCRIPT END -------
Wed Jul 17 11:08:41 UTC 2013:
Wed Jul 17 11:32:47 UTC 2013: ------- USB STICK INSERTED -------
Wed Jul 17 11:32:47 UTC 2013: Setting initial status
Wed Jul 17 11:32:50 UTC 2013: Copying new project end time config from usb stick
Wed Jul 17 11:32:50 UTC 2013: Copying custom config from usb stick
Wed Jul 17 11:32:50 UTC 2013: Removing temporary directory if it exists
Wed Jul 17 11:32:50 UTC 2013: Copying slides from usb stick
Wed Jul 17 11:32:51 UTC 2013: Copied 8 files from usb
Wed Jul 17 11:32:51 UTC 2013: Removing old slides
Wed Jul 17 11:32:51 UTC 2013: New slides moved to production, generating new file list
Wed Jul 17 11:32:51 UTC 2013: Writing file list to js
Wed Jul 17 11:32:51 UTC 2013: Updating status to loaded
Wed Jul 17 11:32:51 UTC 2013: Sleeping for 3 seconds
Wed Jul 17 11:32:54 UTC 2013: Resetting status to normal
Wed Jul 17 11:32:54 UTC 2013: ------- SCRIPT END -------
Wed Jul 17 11:32:54 UTC 2013:
Wed Jul 17 11:40:33 UTC 2013: ------- USB STICK INSERTED -------
Wed Jul 17 11:40:33 UTC 2013: Setting initial status
Wed Jul 17 11:40:36 UTC 2013: Copying new project end time config from usb stick
Wed Jul 17 11:40:36 UTC 2013: Copying custom config from usb stick
Wed Jul 17 11:40:36 UTC 2013: Removing temporary directory if it exists
Wed Jul 17 11:40:36 UTC 2013: Copying slides from usb stick
Wed Jul 17 11:40:37 UTC 2013: Copied 9 files from usb
Wed Jul 17 11:40:37 UTC 2013: Removing old slides
Wed Jul 17 11:40:37 UTC 2013: New slides moved to production, generating new file list
Wed Jul 17 11:40:37 UTC 2013: Writing file list to js
Wed Jul 17 11:40:37 UTC 2013: Updating status to loaded
Wed Jul 17 11:40:37 UTC 2013: Sleeping for 3 seconds
Wed Jul 17 11:40:40 UTC 2013: Resetting status to normal
Wed Jul 17 11:40:40 UTC 2013: ------- SCRIPT END -------
Wed Jul 17 11:40:40 UTC 2013:
Wed Jul 17 12:11:44 UTC 2013: ------- USB STICK INSERTED -------
Wed Jul 17 12:11:44 UTC 2013: Setting initial status
Wed Jul 17 12:11:47 UTC 2013: Copying new project end time config from usb stick
Wed Jul 17 12:11:48 UTC 2013: Copying custom config from usb stick
Wed Jul 17 12:11:48 UTC 2013: Removing temporary directory if it exists
Wed Jul 17 12:11:48 UTC 2013: Copying slides from usb stick
Wed Jul 17 12:11:48 UTC 2013: Copied 9 files from usb
Wed Jul 17 12:11:48 UTC 2013: Removing old slides
Wed Jul 17 12:11:48 UTC 2013: New slides moved to production, generating new file list
Wed Jul 17 12:11:48 UTC 2013: Writing file list to js
Wed Jul 17 12:11:48 UTC 2013: Updating status to loaded
Wed Jul 17 12:11:48 UTC 2013: Sleeping for 3 seconds
Wed Jul 17 12:11:51 UTC 2013: Resetting status to normal
Wed Jul 17 12:11:51 UTC 2013: ------- SCRIPT END -------
Wed Jul 17 12:11:51 UTC 2013:
Wed Jul 17 12:13:01 UTC 2013: ------- USB STICK INSERTED -------
Wed Jul 17 12:13:01 UTC 2013: Setting initial status
Wed Jul 17 12:13:04 UTC 2013: Copying new project end time config from usb stick
Wed Jul 17 12:13:04 UTC 2013: Copying custom config from usb stick
Wed Jul 17 12:13:04 UTC 2013: Removing temporary directory if it exists
Wed Jul 17 12:13:04 UTC 2013: Copying slides from usb stick
Wed Jul 17 12:13:05 UTC 2013: Copied 5 files from usb
Wed Jul 17 12:13:05 UTC 2013: Removing old slides
Wed Jul 17 12:13:05 UTC 2013: New slides moved to production, generating new file list
Wed Jul 17 12:13:05 UTC 2013: Writing file list to js
Wed Jul 17 12:13:05 UTC 2013: Updating status to loaded
Wed Jul 17 12:13:05 UTC 2013: Sleeping for 3 seconds
Wed Jul 17 12:13:08 UTC 2013: Resetting status to normal
Wed Jul 17 12:13:08 UTC 2013: ------- SCRIPT END -------
Wed Jul 17 12:13:08 UTC 2013:
Wed Jul 17 12:57:00 UTC 2013: ------- USB STICK INSERTED -------
Wed Jul 17 12:57:00 UTC 2013: Setting initial status
Wed Jul 17 12:57:04 UTC 2013: Copying new project end time config from usb stick
Wed Jul 17 12:57:04 UTC 2013: Copying custom config from usb stick
Wed Jul 17 12:57:04 UTC 2013: Removing temporary directory if it exists
Wed Jul 17 12:57:04 UTC 2013: Copying slides from usb stick
Wed Jul 17 12:57:04 UTC 2013: Copied 5 files from usb
Wed Jul 17 12:57:04 UTC 2013: Removing old slides
Wed Jul 17 12:57:04 UTC 2013: New slides moved to production, generating new file list
Wed Jul 17 12:57:04 UTC 2013: Writing file list to js
Wed Jul 17 12:57:04 UTC 2013: Updating status to loaded
Wed Jul 17 12:57:04 UTC 2013: Sleeping for 3 seconds
Wed Jul 17 12:57:08 UTC 2013: Resetting status to normal
Wed Jul 17 12:57:08 UTC 2013: ------- SCRIPT END -------
Wed Jul 17 12:57:08 UTC 2013:
Wed Jul 17 13:42:32 UTC 2013: ------- USB STICK INSERTED -------
Wed Jul 17 13:42:32 UTC 2013: Setting initial status
Wed Jul 17 13:42:35 UTC 2013: Copying new project end time config from usb stick
Wed Jul 17 13:42:35 UTC 2013: Copying custom config from usb stick
Wed Jul 17 13:42:35 UTC 2013: Removing temporary directory if it exists
Wed Jul 17 13:42:35 UTC 2013: Copying slides from usb stick
Wed Jul 17 13:42:35 UTC 2013: Copied 5 files from usb
Wed Jul 17 13:42:35 UTC 2013: Removing old slides
Wed Jul 17 13:42:36 UTC 2013: New slides moved to production, generating new file list
Wed Jul 17 13:42:36 UTC 2013: Writing file list to js
Wed Jul 17 13:42:36 UTC 2013: Updating status to loaded
Wed Jul 17 13:42:36 UTC 2013: Sleeping for 3 seconds
Wed Jul 17 13:42:39 UTC 2013: Resetting status to normal
Wed Jul 17 13:42:39 UTC 2013: ------- SCRIPT END -------
Wed Jul 17 13:42:39 UTC 2013:
Wed Jul 17 13:58:01 UTC 2013: ------- USB STICK INSERTED -------
Wed Jul 17 13:58:01 UTC 2013: Setting initial status
Wed Jul 17 13:58:04 UTC 2013: Copying new project end time config from usb stick
Wed Jul 17 13:58:04 UTC 2013: Copying custom config from usb stick
Wed Jul 17 13:58:04 UTC 2013: Removing temporary directory if it exists
Wed Jul 17 13:58:04 UTC 2013: Copying slides from usb stick
Wed Jul 17 13:58:05 UTC 2013: Copied 5 files from usb
Wed Jul 17 13:58:05 UTC 2013: Removing old slides
Wed Jul 17 13:58:05 UTC 2013: New slides moved to production, generating new file list
Wed Jul 17 13:58:05 UTC 2013: Writing file list to js
Wed Jul 17 13:58:05 UTC 2013: Updating status to loaded
Wed Jul 17 13:58:05 UTC 2013: Sleeping for 3 seconds
Wed Jul 17 13:58:08 UTC 2013: Resetting status to normal
Wed Jul 17 13:58:08 UTC 2013: ------- SCRIPT END -------
Wed Jul 17 13:58:08 UTC 2013:
Wed Jul 17 13:58:47 UTC 2013: ------- USB STICK INSERTED -------
Wed Jul 17 13:58:47 UTC 2013: Setting initial status
Wed Jul 17 13:58:50 UTC 2013: Copying new project end time config from usb stick
Wed Jul 17 13:58:50 UTC 2013: Copying custom config from usb stick
Wed Jul 17 13:58:50 UTC 2013: Removing temporary directory if it exists
Wed Jul 17 13:58:50 UTC 2013: Copying slides from usb stick
Wed Jul 17 13:58:51 UTC 2013: Copied 5 files from usb
Wed Jul 17 13:58:51 UTC 2013: Removing old slides
Wed Jul 17 13:58:51 UTC 2013: New slides moved to production, generating new file list
Wed Jul 17 13:58:51 UTC 2013: Writing file list to js
Wed Jul 17 13:58:51 UTC 2013: Updating status to loaded
Wed Jul 17 13:58:51 UTC 2013: Sleeping for 3 seconds
Wed Jul 17 13:58:54 UTC 2013: Resetting status to normal
Wed Jul 17 13:58:54 UTC 2013: ------- SCRIPT END -------
Wed Jul 17 13:58:54 UTC 2013:
Wed Jul 17 14:33:38 UTC 2013: ------- USB STICK INSERTED -------
Wed Jul 17 14:33:38 UTC 2013: Setting initial status
Wed Jul 17 14:33:41 UTC 2013: No project end time found on usb stick
Wed Jul 17 14:33:41 UTC 2013: No custom config found on usb stick
Wed Jul 17 14:33:41 UTC 2013: Removing temporary directory if it exists
Wed Jul 17 14:33:41 UTC 2013: Copying slides from usb stick
Wed Jul 17 14:33:41 UTC 2013: Copied 5 files from usb
Wed Jul 17 14:33:41 UTC 2013: Removing old slides
Wed Jul 17 14:33:41 UTC 2013: New slides moved to production, generating new file list
Wed Jul 17 14:33:41 UTC 2013: Writing file list to js
Wed Jul 17 14:33:41 UTC 2013: Updating status to loaded
Wed Jul 17 14:33:41 UTC 2013: Sleeping for 3 seconds
Wed Jul 17 14:33:44 UTC 2013: Resetting status to normal
Wed Jul 17 14:33:44 UTC 2013: ------- SCRIPT END -------
Wed Jul 17 14:33:44 UTC 2013:
Wed Jul 17 14:36:49 UTC 2013: ------- USB STICK INSERTED -------
Wed Jul 17 14:36:49 UTC 2013: Setting initial status
Wed Jul 17 14:36:52 UTC 2013: Copying new project end time config from usb stick
Wed Jul 17 14:36:52 UTC 2013: Copying custom config from usb stick
Wed Jul 17 14:36:52 UTC 2013: Removing temporary directory if it exists
Wed Jul 17 14:36:52 UTC 2013: Copying slides from usb stick
Wed Jul 17 14:36:52 UTC 2013: Copied 5 files from usb
Wed Jul 17 14:36:52 UTC 2013: Removing old slides
Wed Jul 17 14:36:52 UTC 2013: New slides moved to production, generating new file list
Wed Jul 17 14:36:53 UTC 2013: Writing file list to js
Wed Jul 17 14:36:53 UTC 2013: Updating status to loaded
Wed Jul 17 14:36:53 UTC 2013: Sleeping for 3 seconds
Wed Jul 17 14:36:56 UTC 2013: Resetting status to normal
Wed Jul 17 14:36:56 UTC 2013: ------- SCRIPT END -------
Wed Jul 17 14:36:56 UTC 2013:
Wed Jul 17 14:41:29 UTC 2013: ------- USB STICK INSERTED -------
Wed Jul 17 14:41:29 UTC 2013: Setting initial status
Wed Jul 17 14:41:32 UTC 2013: Copying new project end time config from usb stick
Wed Jul 17 14:41:32 UTC 2013: Copying custom config from usb stick
Wed Jul 17 14:41:32 UTC 2013: Removing temporary directory if it exists
Wed Jul 17 14:41:32 UTC 2013: Copying slides from usb stick
Wed Jul 17 14:41:33 UTC 2013: Copied 5 files from usb
Wed Jul 17 14:41:33 UTC 2013: Removing old slides
Wed Jul 17 14:41:33 UTC 2013: New slides moved to production, generating new file list
Wed Jul 17 14:41:33 UTC 2013: Writing file list to js
Wed Jul 17 14:41:33 UTC 2013: Updating status to loaded
Wed Jul 17 14:41:33 UTC 2013: Sleeping for 3 seconds
Wed Jul 17 14:41:36 UTC 2013: Resetting status to normal
Wed Jul 17 14:41:36 UTC 2013: ------- SCRIPT END -------
Wed Jul 17 14:41:36 UTC 2013:
Wed Jul 17 14:42:34 UTC 2013: ------- USB STICK INSERTED -------
Wed Jul 17 14:42:34 UTC 2013: Setting initial status
Wed Jul 17 14:42:37 UTC 2013: Copying new project end time config from usb stick
Wed Jul 17 14:42:37 UTC 2013: Copying custom config from usb stick
Wed Jul 17 14:42:37 UTC 2013: Removing temporary directory if it exists
Wed Jul 17 14:42:37 UTC 2013: Copying slides from usb stick
Wed Jul 17 14:42:38 UTC 2013: Copied 5 files from usb
Wed Jul 17 14:42:38 UTC 2013: Removing old slides
Wed Jul 17 14:42:38 UTC 2013: New slides moved to production, generating new file list
Wed Jul 17 14:42:38 UTC 2013: Writing file list to js
Wed Jul 17 14:42:38 UTC 2013: Updating status to loaded
Wed Jul 17 14:42:38 UTC 2013: Sleeping for 3 seconds
Wed Jul 17 14:42:41 UTC 2013: Resetting status to normal
Wed Jul 17 14:42:41 UTC 2013: ------- SCRIPT END -------
Wed Jul 17 14:42:41 UTC 2013:
Wed Jul 17 14:43:23 UTC 2013: ------- USB STICK INSERTED -------
Wed Jul 17 14:43:24 UTC 2013: Setting initial status
Wed Jul 17 14:43:27 UTC 2013: Copying new project end time config from usb stick
Wed Jul 17 14:43:27 UTC 2013: Copying custom config from usb stick
Wed Jul 17 14:43:27 UTC 2013: Removing temporary directory if it exists
Wed Jul 17 14:43:27 UTC 2013: Copying slides from usb stick
Wed Jul 17 14:43:27 UTC 2013: Copied 5 files from usb
Wed Jul 17 14:43:27 UTC 2013: Removing old slides
Wed Jul 17 14:43:27 UTC 2013: New slides moved to production, generating new file list
Wed Jul 17 14:43:27 UTC 2013: Writing file list to js
Wed Jul 17 14:43:28 UTC 2013: Updating status to loaded
Wed Jul 17 14:43:28 UTC 2013: Sleeping for 3 seconds
Wed Jul 17 14:43:31 UTC 2013: Resetting status to normal
Wed Jul 17 14:43:31 UTC 2013: ------- SCRIPT END -------
Wed Jul 17 14:43:31 UTC 2013:
Wed Jul 17 14:43:58 UTC 2013: ------- USB STICK INSERTED -------
Wed Jul 17 14:43:58 UTC 2013: Setting initial status
Wed Jul 17 14:44:01 UTC 2013: Copying new project end time config from usb stick
Wed Jul 17 14:44:01 UTC 2013: Copying custom config from usb stick
Wed Jul 17 14:44:01 UTC 2013: Removing temporary directory if it exists
Wed Jul 17 14:44:01 UTC 2013: Copying slides from usb stick
Wed Jul 17 14:44:02 UTC 2013: Copied 5 files from usb
Wed Jul 17 14:44:02 UTC 2013: Removing old slides
Wed Jul 17 14:44:02 UTC 2013: New slides moved to production, generating new file list
Wed Jul 17 14:44:02 UTC 2013: Writing file list to js
Wed Jul 17 14:44:02 UTC 2013: Updating status to loaded
Wed Jul 17 14:44:02 UTC 2013: Sleeping for 3 seconds
Wed Jul 17 14:44:05 UTC 2013: Resetting status to normal
Wed Jul 17 14:44:05 UTC 2013: ------- SCRIPT END -------
Wed Jul 17 14:44:05 UTC 2013:
Wed Jul 17 14:45:36 UTC 2013: ------- USB STICK INSERTED -------
Wed Jul 17 14:45:36 UTC 2013: Setting initial status
Wed Jul 17 14:45:39 UTC 2013: Copying new project end time config from usb stick
Wed Jul 17 14:45:39 UTC 2013: Copying custom config from usb stick
Wed Jul 17 14:45:39 UTC 2013: Removing temporary directory if it exists
Wed Jul 17 14:45:39 UTC 2013: Copying slides from usb stick
Wed Jul 17 14:45:39 UTC 2013: Copied 5 files from usb
Wed Jul 17 14:45:39 UTC 2013: Removing old slides
Wed Jul 17 14:45:39 UTC 2013: New slides moved to production, generating new file list
Wed Jul 17 14:45:40 UTC 2013: Writing file list to js
Wed Jul 17 14:45:40 UTC 2013: Updating status to loaded
Wed Jul 17 14:45:40 UTC 2013: Sleeping for 3 seconds
Wed Jul 17 14:45:43 UTC 2013: Resetting status to normal
Wed Jul 17 14:45:43 UTC 2013: ------- SCRIPT END -------
Wed Jul 17 14:45:43 UTC 2013:
Wed Jul 17 14:45:58 UTC 2013: ------- USB STICK INSERTED -------
Wed Jul 17 14:45:58 UTC 2013: Setting initial status
Wed Jul 17 14:46:01 UTC 2013: Copying new project end time config from usb stick
Wed Jul 17 14:46:01 UTC 2013: Copying custom config from usb stick
Wed Jul 17 14:46:01 UTC 2013: Removing temporary directory if it exists
Wed Jul 17 14:46:01 UTC 2013: Copying slides from usb stick
Wed Jul 17 14:46:01 UTC 2013: Copied 5 files from usb
Wed Jul 17 14:46:01 UTC 2013: Removing old slides
Wed Jul 17 14:46:01 UTC 2013: New slides moved to production, generating new file list
Wed Jul 17 14:46:02 UTC 2013: Writing file list to js
Wed Jul 17 14:46:02 UTC 2013: Updating status to loaded
Wed Jul 17 14:46:02 UTC 2013: Sleeping for 3 seconds
Wed Jul 17 14:46:05 UTC 2013: Resetting status to normal
Wed Jul 17 14:46:05 UTC 2013: ------- SCRIPT END -------
Wed Jul 17 14:46:05 UTC 2013:
Wed Jul 17 14:46:44 UTC 2013: ------- USB STICK INSERTED -------
Wed Jul 17 14:46:44 UTC 2013: Setting initial status
Wed Jul 17 14:46:47 UTC 2013: Copying new project end time config from usb stick
Wed Jul 17 14:46:47 UTC 2013: Copying custom config from usb stick
Wed Jul 17 14:46:47 UTC 2013: Removing temporary directory if it exists
Wed Jul 17 14:46:47 UTC 2013: Copying slides from usb stick
Wed Jul 17 14:46:48 UTC 2013: Copied 5 files from usb
Wed Jul 17 14:46:48 UTC 2013: Removing old slides
Wed Jul 17 14:46:48 UTC 2013: New slides moved to production, generating new file list
Wed Jul 17 14:46:48 UTC 2013: Writing file list to js
Wed Jul 17 14:46:48 UTC 2013: Updating status to loaded
Wed Jul 17 14:46:48 UTC 2013: Sleeping for 3 seconds
Wed Jul 17 14:46:51 UTC 2013: Resetting status to normal
Wed Jul 17 14:46:51 UTC 2013: ------- SCRIPT END -------
Wed Jul 17 14:46:51 UTC 2013:
Wed Jul 17 14:47:29 UTC 2013: ------- USB STICK INSERTED -------
Wed Jul 17 14:47:29 UTC 2013: Setting initial status
Wed Jul 17 14:47:32 UTC 2013: Copying new project end time config from usb stick
Wed Jul 17 14:47:32 UTC 2013: Copying custom config from usb stick
Wed Jul 17 14:47:32 UTC 2013: Removing temporary directory if it exists
Wed Jul 17 14:47:32 UTC 2013: Copying slides from usb stick
Wed Jul 17 14:47:33 UTC 2013: Copied 5 files from usb
Wed Jul 17 14:47:33 UTC 2013: Removing old slides
Wed Jul 17 14:47:33 UTC 2013: New slides moved to production, generating new file list
Wed Jul 17 14:47:33 UTC 2013: Writing file list to js
Wed Jul 17 14:47:33 UTC 2013: Updating status to loaded
Wed Jul 17 14:47:33 UTC 2013: Sleeping for 3 seconds
Wed Jul 17 14:47:36 UTC 2013: Resetting status to normal
Wed Jul 17 14:47:36 UTC 2013: ------- SCRIPT END -------
Wed Jul 17 14:47:36 UTC 2013:
Wed Jul 17 15:15:10 UTC 2013: ------- USB STICK INSERTED -------
Wed Jul 17 15:15:10 UTC 2013: Setting initial status
Wed Jul 17 15:15:13 UTC 2013: Copying new project end time config from usb stick
Wed Jul 17 15:15:13 UTC 2013: Copying custom config from usb stick
Wed Jul 17 15:15:13 UTC 2013: Removing temporary directory if it exists
Wed Jul 17 15:15:13 UTC 2013: Copying slides from usb stick
Wed Jul 17 15:15:13 UTC 2013: Copied 5 files from usb
Wed Jul 17 15:15:13 UTC 2013: Removing old slides
Wed Jul 17 15:15:13 UTC 2013: New slides moved to production, generating new file list
Wed Jul 17 15:15:14 UTC 2013: Writing file list to js
Wed Jul 17 15:15:14 UTC 2013: Updating status to loaded
Wed Jul 17 15:15:14 UTC 2013: Sleeping for 3 seconds
Wed Jul 17 15:15:17 UTC 2013: Resetting status to normal
Wed Jul 17 15:15:17 UTC 2013: ------- SCRIPT END -------
Wed Jul 17 15:15:17 UTC 2013:
Wed Jul 17 16:14:50 UTC 2013: ------- USB STICK INSERTED -------
Wed Jul 17 16:14:50 UTC 2013: Setting initial status
Wed Jul 17 16:14:53 UTC 2013: Copying new project end time config from usb stick
Wed Jul 17 16:14:53 UTC 2013: Copying custom config from usb stick
Wed Jul 17 16:14:53 UTC 2013: Removing temporary directory if it exists
Wed Jul 17 16:14:53 UTC 2013: Copying slides from usb stick
Wed Jul 17 16:14:54 UTC 2013: Copied 5 files from usb
Wed Jul 17 16:14:54 UTC 2013: Removing old slides
Wed Jul 17 16:14:54 UTC 2013: New slides moved to production, generating new file list
Wed Jul 17 16:14:54 UTC 2013: Writing file list to js
Wed Jul 17 16:14:54 UTC 2013: Updating status to loaded
Wed Jul 17 16:14:54 UTC 2013: Sleeping for 3 seconds
Wed Jul 17 16:14:57 UTC 2013: Resetting status to normal
Wed Jul 17 16:14:57 UTC 2013: ------- SCRIPT END -------
Wed Jul 17 16:14:57 UTC 2013:
Wed Jul 17 16:17:25 UTC 2013: ------- USB STICK INSERTED -------
Wed Jul 17 16:17:25 UTC 2013: Setting initial status
Wed Jul 17 16:17:28 UTC 2013: Copying new project end time config from usb stick
Wed Jul 17 16:17:29 UTC 2013: Copying custom config from usb stick
Wed Jul 17 16:17:29 UTC 2013: Removing temporary directory if it exists
Wed Jul 17 16:17:29 UTC 2013: Copying slides from usb stick
Wed Jul 17 16:17:29 UTC 2013: Copied 5 files from usb
Wed Jul 17 16:17:29 UTC 2013: Removing old slides
Wed Jul 17 16:17:29 UTC 2013: New slides moved to production, generating new file list
Wed Jul 17 16:17:29 UTC 2013: Writing file list to js
Wed Jul 17 16:17:29 UTC 2013: Updating status to loaded
Wed Jul 17 16:17:29 UTC 2013: Sleeping for 3 seconds
Wed Jul 17 16:17:32 UTC 2013: Resetting status to normal
Wed Jul 17 16:17:32 UTC 2013: ------- SCRIPT END -------
Wed Jul 17 16:17:32 UTC 2013:
Sat Jul 20 06:18:31 UTC 2013: ------- USB STICK INSERTED -------
Sat Jul 20 06:18:31 UTC 2013: Setting initial status
Sat Jul 20 06:18:34 UTC 2013: Copying new project end time config from usb stick
Sat Jul 20 06:18:34 UTC 2013: Copying custom config from usb stick
Sat Jul 20 06:18:34 UTC 2013: Removing temporary directory if it exists
Sat Jul 20 06:18:34 UTC 2013: Copying slides from usb stick
Sat Jul 20 06:18:34 UTC 2013: Copied 5 files from usb
Sat Jul 20 06:18:34 UTC 2013: Removing old slides
Sat Jul 20 06:18:35 UTC 2013: New slides moved to production, generating new file list
Sat Jul 20 06:18:35 UTC 2013: Writing file list to js
Sat Jul 20 06:18:35 UTC 2013: Updating status to loaded
Sat Jul 20 06:18:35 UTC 2013: Sleeping for 3 seconds
Sat Jul 20 06:18:38 UTC 2013: Resetting status to normal
Sat Jul 20 06:18:38 UTC 2013: ------- SCRIPT END -------
Sat Jul 20 06:18:38 UTC 2013:
Sat Jul 20 06:19:25 UTC 2013: ------- USB STICK INSERTED -------
Sat Jul 20 06:19:25 UTC 2013: Setting initial status
Sat Jul 20 06:19:28 UTC 2013: Copying new project end time config from usb stick
Sat Jul 20 06:19:28 UTC 2013: Copying custom config from usb stick
Sat Jul 20 06:19:28 UTC 2013: Removing temporary directory if it exists
Sat Jul 20 06:19:28 UTC 2013: Copying slides from usb stick
Sat Jul 20 06:19:28 UTC 2013: Copied 5 files from usb
Sat Jul 20 06:19:28 UTC 2013: Removing old slides
Sat Jul 20 06:19:28 UTC 2013: New slides moved to production, generating new file list
Sat Jul 20 06:19:28 UTC 2013: Writing file list to js
Sat Jul 20 06:19:28 UTC 2013: Updating status to loaded
Sat Jul 20 06:19:28 UTC 2013: Sleeping for 3 seconds
Sat Jul 20 06:19:31 UTC 2013: Resetting status to normal
Sat Jul 20 06:19:31 UTC 2013: ------- SCRIPT END -------
Sat Jul 20 06:19:31 UTC 2013:
Sat Jul 20 06:19:41 UTC 2013: ------- USB STICK INSERTED -------
Sat Jul 20 06:19:41 UTC 2013: Setting initial status
Sat Jul 20 06:19:44 UTC 2013: Copying new project end time config from usb stick
Sat Jul 20 06:19:44 UTC 2013: Copying custom config from usb stick
Sat Jul 20 06:19:44 UTC 2013: Removing temporary directory if it exists
Sat Jul 20 06:19:44 UTC 2013: Copying slides from usb stick
Sat Jul 20 06:19:45 UTC 2013: Copied 5 files from usb
Sat Jul 20 06:19:45 UTC 2013: Removing old slides
Sat Jul 20 06:19:45 UTC 2013: New slides moved to production, generating new file list
Sat Jul 20 06:19:45 UTC 2013: Writing file list to js
Sat Jul 20 06:19:45 UTC 2013: Updating status to loaded
Sat Jul 20 06:19:45 UTC 2013: Sleeping for 3 seconds
Sat Jul 20 06:19:48 UTC 2013: Resetting status to normal
Sat Jul 20 06:19:48 UTC 2013: ------- SCRIPT END -------
Sat Jul 20 06:19:48 UTC 2013:
Sat Jul 20 06:26:48 UTC 2013: ------- USB STICK INSERTED -------
Sat Jul 20 06:26:48 UTC 2013: Setting initial status
Sat Jul 20 06:26:51 UTC 2013: Copying new project end time config from usb stick
Sat Jul 20 06:26:52 UTC 2013: Copying custom config from usb stick
Sat Jul 20 06:26:52 UTC 2013: Removing temporary directory if it exists
Sat Jul 20 06:26:52 UTC 2013: Copying slides from usb stick
Sat Jul 20 06:26:52 UTC 2013: Copied 5 files from usb
Sat Jul 20 06:26:52 UTC 2013: Removing old slides
Sat Jul 20 06:26:52 UTC 2013: New slides moved to production, generating new file list
Sat Jul 20 06:26:52 UTC 2013: Writing file list to js
Sat Jul 20 06:26:52 UTC 2013: Updating status to loaded
Sat Jul 20 06:26:52 UTC 2013: Sleeping for 3 seconds
Sat Jul 20 06:26:55 UTC 2013: Resetting status to normal
Sat Jul 20 06:26:55 UTC 2013: ------- SCRIPT END -------
Sat Jul 20 06:26:55 UTC 2013:
Sat Jul 20 06:27:59 UTC 2013: ------- USB STICK INSERTED -------
Sat Jul 20 06:27:59 UTC 2013: Setting initial status
Sat Jul 20 06:28:02 UTC 2013: Copying new project end time config from usb stick
Sat Jul 20 06:28:02 UTC 2013: Copying custom config from usb stick
Sat Jul 20 06:28:02 UTC 2013: Removing temporary directory if it exists
Sat Jul 20 06:28:02 UTC 2013: Copying slides from usb stick
Sat Jul 20 06:28:03 UTC 2013: Copied 5 files from usb
Sat Jul 20 06:28:03 UTC 2013: Removing old slides
Sat Jul 20 06:28:03 UTC 2013: New slides moved to production, generating new file list
Sat Jul 20 06:28:03 UTC 2013: Writing file list to js
Sat Jul 20 06:28:03 UTC 2013: Updating status to loaded
Sat Jul 20 06:28:03 UTC 2013: Sleeping for 3 seconds
Sat Jul 20 06:28:06 UTC 2013: Resetting status to normal
Sat Jul 20 06:28:06 UTC 2013: ------- SCRIPT END -------
Sat Jul 20 06:28:06 UTC 2013:
Thu Jan 1 00:00:08 UTC 1970: ------- USB STICK INSERTED -------
Thu Jan 1 00:00:08 UTC 1970: Setting initial status
Thu Jan 1 00:00:11 UTC 1970: No project end time found on usb stick
Thu Jan 1 00:00:11 UTC 1970: No custom config found on usb stick
Thu Jan 1 00:00:11 UTC 1970: Removing temporary directory if it exists
Thu Jan 1 00:00:11 UTC 1970: Directory not found, aborting
Thu Jan 1 00:00:11 UTC 1970: Sleeping for 3 seconds
Thu Jan 1 00:00:14 UTC 1970: Resetting status to normal
Thu Jan 1 00:00:14 UTC 1970: ------- SCRIPT END -------
Thu Jan 1 00:00:14 UTC 1970:
Sat Jul 20 06:19:31 UTC 2013: ------- USB STICK INSERTED -------
Sat Jul 20 06:19:31 UTC 2013: Setting initial status
Sat Jul 20 06:19:34 UTC 2013: Copying new project end time config from usb stick
Sat Jul 20 06:19:34 UTC 2013: Copying custom config from usb stick
Sat Jul 20 06:19:34 UTC 2013: Removing temporary directory if it exists
Sat Jul 20 06:19:34 UTC 2013: Copying slides from usb stick
Sat Jul 20 06:19:35 UTC 2013: Copied 5 files from usb
Sat Jul 20 06:19:35 UTC 2013: Removing old slides
Sat Jul 20 06:19:35 UTC 2013: New slides moved to production, generating new file list
Sat Jul 20 06:19:35 UTC 2013: Writing file list to js
Sat Jul 20 06:19:35 UTC 2013: Updating status to loaded
Sat Jul 20 06:19:35 UTC 2013: Sleeping for 3 seconds
Sat Jul 20 06:19:38 UTC 2013: Resetting status to normal
Sat Jul 20 06:19:38 UTC 2013: ------- SCRIPT END -------
Sat Jul 20 06:19:38 UTC 2013:
Sat Jul 20 06:23:21 UTC 2013: ------- USB STICK INSERTED -------
Sat Jul 20 06:23:21 UTC 2013: Setting initial status
Sat Jul 20 06:23:24 UTC 2013: Copying new project end time config from usb stick
Sat Jul 20 06:23:24 UTC 2013: Copying custom config from usb stick
Sat Jul 20 06:23:24 UTC 2013: Removing temporary directory if it exists
Sat Jul 20 06:23:24 UTC 2013: Copying slides from usb stick
Sat Jul 20 06:23:24 UTC 2013: Copied 5 files from usb
Sat Jul 20 06:23:24 UTC 2013: Removing old slides
Sat Jul 20 06:23:24 UTC 2013: New slides moved to production, generating new file list
Sat Jul 20 06:23:24 UTC 2013: Writing file list to js
Sat Jul 20 06:23:25 UTC 2013: Updating status to loaded
Sat Jul 20 06:23:25 UTC 2013: Sleeping for 3 seconds
Sat Jul 20 06:23:28 UTC 2013: Resetting status to normal
Sat Jul 20 06:23:28 UTC 2013: ------- SCRIPT END -------
Sat Jul 20 06:23:28 UTC 2013:
